mode: atomic
github.com/rueian/pgcapture/cmd/agent.go:33.13,39.2 5 1
github.com/rueian/pgcapture/cmd/agent.go:45.60,46.23 1 0
github.com/rueian/pgcapture/cmd/agent.go:46.23,48.4 1 0
github.com/rueian/pgcapture/cmd/agent.go:50.3,55.74 3 0
github.com/rueian/pgcapture/cmd/agent.go:55.74,56.42 1 0
github.com/rueian/pgcapture/cmd/agent.go:56.42,58.5 1 0
github.com/rueian/pgcapture/cmd/agent.go:77.113,81.21 3 0
github.com/rueian/pgcapture/cmd/agent.go:81.21,83.3 1 0
github.com/rueian/pgcapture/cmd/agent.go:85.2,87.53 2 0
github.com/rueian/pgcapture/cmd/agent.go:87.53,89.3 1 0
github.com/rueian/pgcapture/cmd/agent.go:91.2,91.54 1 0
github.com/rueian/pgcapture/cmd/agent.go:91.54,93.3 1 0
github.com/rueian/pgcapture/cmd/agent.go:93.8,94.23 1 0
github.com/rueian/pgcapture/cmd/agent.go:95.20,96.30 1 0
github.com/rueian/pgcapture/cmd/agent.go:97.20,98.30 1 0
github.com/rueian/pgcapture/cmd/agent.go:99.17,100.29 1 0
github.com/rueian/pgcapture/cmd/agent.go:101.11,102.85 1 0
github.com/rueian/pgcapture/cmd/agent.go:108.100,114.19 5 0
github.com/rueian/pgcapture/cmd/agent.go:114.19,116.3 1 0
github.com/rueian/pgcapture/cmd/agent.go:118.2,119.16 2 0
github.com/rueian/pgcapture/cmd/agent.go:119.16,120.14 1 0
github.com/rueian/pgcapture/cmd/agent.go:121.30,122.57 1 0
github.com/rueian/pgcapture/cmd/agent.go:123.28,124.60 1 0
github.com/rueian/pgcapture/cmd/agent.go:125.31,126.67 1 0
github.com/rueian/pgcapture/cmd/agent.go:128.3,128.18 1 0
github.com/rueian/pgcapture/cmd/agent.go:130.2,130.49 1 0
github.com/rueian/pgcapture/cmd/agent.go:134.94,136.16 2 0
github.com/rueian/pgcapture/cmd/agent.go:136.16,138.3 1 0
github.com/rueian/pgcapture/cmd/agent.go:139.2,139.37 1 0
github.com/rueian/pgcapture/cmd/agent.go:139.37,140.44 1 0
github.com/rueian/pgcapture/cmd/agent.go:140.44,142.4 1 0
github.com/rueian/pgcapture/cmd/agent.go:144.2,144.12 1 0
github.com/rueian/pgcapture/cmd/agent.go:147.33,151.15 3 0
github.com/rueian/pgcapture/cmd/agent.go:151.15,156.3 4 0
github.com/rueian/pgcapture/cmd/agent.go:158.2,158.21 1 0
github.com/rueian/pgcapture/cmd/agent.go:158.21,160.3 1 0
github.com/rueian/pgcapture/cmd/agent.go:162.2,163.21 2 0
github.com/rueian/pgcapture/cmd/agent.go:163.21,165.17 2 0
github.com/rueian/pgcapture/cmd/agent.go:165.17,167.4 1 0
github.com/rueian/pgcapture/cmd/agent.go:169.2,169.25 1 0
github.com/rueian/pgcapture/cmd/agent.go:169.25,171.17 2 0
github.com/rueian/pgcapture/cmd/agent.go:171.17,173.4 1 0
github.com/rueian/pgcapture/cmd/agent.go:175.2,175.20 1 0
github.com/rueian/pgcapture/cmd/agent.go:175.20,177.17 2 0
github.com/rueian/pgcapture/cmd/agent.go:177.17,179.4 1 0
github.com/rueian/pgcapture/cmd/agent.go:181.2,181.12 1 0
github.com/rueian/pgcapture/cmd/agent.go:185.85,187.16 2 0
github.com/rueian/pgcapture/cmd/agent.go:187.16,189.3 1 0
github.com/rueian/pgcapture/cmd/agent.go:191.2,195.28 3 0
github.com/rueian/pgcapture/cmd/agent.go:196.20,197.94 1 0
github.com/rueian/pgcapture/cmd/agent.go:197.94,199.4 1 0
github.com/rueian/pgcapture/cmd/agent.go:200.19,203.51 2 0
github.com/rueian/pgcapture/cmd/agent.go:203.51,206.18 3 0
github.com/rueian/pgcapture/cmd/agent.go:206.18,208.5 1 0
github.com/rueian/pgcapture/cmd/agent.go:211.3,212.57 2 0
github.com/rueian/pgcapture/cmd/agent.go:212.57,215.18 3 0
github.com/rueian/pgcapture/cmd/agent.go:215.18,217.5 1 0
github.com/rueian/pgcapture/cmd/agent.go:220.3,220.94 1 0
github.com/rueian/pgcapture/cmd/agent.go:220.94,222.4 1 0
github.com/rueian/pgcapture/cmd/agent.go:223.10,224.78 1 0
github.com/rueian/pgcapture/cmd/agent.go:227.2,236.58 5 0
github.com/rueian/pgcapture/cmd/agent.go:236.58,239.3 2 0
github.com/rueian/pgcapture/cmd/agent.go:241.2,242.27 2 0
github.com/rueian/pgcapture/cmd/agent.go:246.85,248.16 2 0
github.com/rueian/pgcapture/cmd/agent.go:248.16,250.3 1 0
github.com/rueian/pgcapture/cmd/agent.go:252.2,253.56 2 0
github.com/rueian/pgcapture/cmd/agent.go:253.56,255.17 2 0
github.com/rueian/pgcapture/cmd/agent.go:255.17,257.4 1 0
github.com/rueian/pgcapture/cmd/agent.go:258.3,258.27 1 0
github.com/rueian/pgcapture/cmd/agent.go:261.2,262.16 2 0
github.com/rueian/pgcapture/cmd/agent.go:262.16,264.3 1 0
github.com/rueian/pgcapture/cmd/agent.go:266.2,277.57 6 0
github.com/rueian/pgcapture/cmd/agent.go:277.57,280.3 2 0
github.com/rueian/pgcapture/cmd/agent.go:282.2,283.27 2 0
github.com/rueian/pgcapture/cmd/agent.go:287.77,289.16 2 0
github.com/rueian/pgcapture/cmd/agent.go:289.16,291.3 1 0
github.com/rueian/pgcapture/cmd/agent.go:293.2,294.16 2 0
github.com/rueian/pgcapture/cmd/agent.go:294.16,297.3 2 0
github.com/rueian/pgcapture/cmd/agent.go:299.2,299.12 1 0
github.com/rueian/pgcapture/cmd/agent.go:299.12,301.31 2 0
github.com/rueian/pgcapture/cmd/agent.go:301.31,303.4 1 0
github.com/rueian/pgcapture/cmd/agent.go:306.2,306.12 1 0
github.com/rueian/pgcapture/cmd/agent.go:306.12,307.24 1 0
github.com/rueian/pgcapture/cmd/agent.go:307.24,312.24 5 0
github.com/rueian/pgcapture/cmd/agent.go:312.24,316.5 3 0
github.com/rueian/pgcapture/cmd/agent.go:317.4,317.26 1 0
github.com/rueian/pgcapture/cmd/agent.go:317.26,322.5 4 0
github.com/rueian/pgcapture/cmd/agent.go:323.4,323.67 1 0
github.com/rueian/pgcapture/cmd/agent.go:323.67,326.5 2 0
github.com/rueian/pgcapture/cmd/agent.go:327.4,327.49 1 0
github.com/rueian/pgcapture/cmd/agent.go:329.3,329.15 1 0
github.com/rueian/pgcapture/cmd/agent.go:329.15,331.4 1 0
github.com/rueian/pgcapture/cmd/agent.go:332.3,333.13 2 0
github.com/rueian/pgcapture/cmd/agent.go:336.2,339.12 3 0
github.com/rueian/pgcapture/cmd/agent.go:342.82,343.44 1 0
github.com/rueian/pgcapture/cmd/agent.go:343.44,345.3 1 0
github.com/rueian/pgcapture/cmd/agent.go:346.2,346.21 1 0
github.com/rueian/pgcapture/cmd/agent.go:346.21,348.3 1 0
github.com/rueian/pgcapture/cmd/agent.go:348.8,348.27 1 0
github.com/rueian/pgcapture/cmd/agent.go:348.27,350.3 1 0
github.com/rueian/pgcapture/cmd/agent.go:351.2,351.53 1 0
github.com/rueian/pgcapture/cmd/agent.go:354.56,355.31 1 10
github.com/rueian/pgcapture/cmd/agent.go:355.31,357.3 1 1
github.com/rueian/pgcapture/cmd/agent.go:358.2,358.17 1 9
github.com/rueian/pgcapture/cmd/agent.go:361.82,363.25 2 4
github.com/rueian/pgcapture/cmd/agent.go:363.25,365.121 2 10
github.com/rueian/pgcapture/cmd/agent.go:365.121,367.4 1 2
github.com/rueian/pgcapture/cmd/agent.go:367.9,369.4 1 8
github.com/rueian/pgcapture/cmd/agent.go:371.2,371.20 1 2
github.com/rueian/pgcapture/cmd/configure.go:31.13,50.2 18 1
github.com/rueian/pgcapture/cmd/configure.go:55.60,69.17 2 0
github.com/rueian/pgcapture/cmd/configure.go:69.17,70.14 1 0
github.com/rueian/pgcapture/cmd/configure.go:73.3,73.7 1 0
github.com/rueian/pgcapture/cmd/configure.go:73.7,74.50 1 0
github.com/rueian/pgcapture/cmd/configure.go:74.50,76.5 1 0
github.com/rueian/pgcapture/cmd/configure.go:78.4,78.31 1 0
github.com/rueian/pgcapture/cmd/configure.go:83.55,85.16 2 0
github.com/rueian/pgcapture/cmd/configure.go:85.16,87.3 1 0
github.com/rueian/pgcapture/cmd/configure.go:88.2,93.16 4 0
github.com/rueian/pgcapture/cmd/configure.go:93.16,95.3 1 0
github.com/rueian/pgcapture/cmd/configure.go:97.2,98.12 2 0
github.com/rueian/pgcapture/cmd/controller.go:15.13,18.2 2 1
github.com/rueian/pgcapture/cmd/controller.go:24.60,26.91 2 0
github.com/rueian/pgcapture/cmd/controller.go:26.92,26.93 0 0
github.com/rueian/pgcapture/cmd/gateway.go:18.13,24.2 5 1
github.com/rueian/pgcapture/cmd/gateway.go:29.60,31.80 2 0
github.com/rueian/pgcapture/cmd/gateway.go:31.80,33.4 1 0
github.com/rueian/pgcapture/cmd/gateway.go:34.3,35.17 2 0
github.com/rueian/pgcapture/cmd/gateway.go:35.17,37.4 1 0
github.com/rueian/pgcapture/cmd/gateway.go:38.3,42.85 2 0
github.com/rueian/pgcapture/cmd/gateway.go:42.86,42.87 0 0
github.com/rueian/pgcapture/cmd/pg2pulsar.go:19.13,30.2 10 1
github.com/rueian/pgcapture/cmd/pg2pulsar.go:36.60,41.3 3 0
github.com/rueian/pgcapture/cmd/pulsar2pg.go:20.13,30.2 9 1
github.com/rueian/pgcapture/cmd/pulsar2pg.go:36.60,38.26 2 0
github.com/rueian/pgcapture/cmd/pulsar2pg.go:38.26,40.18 2 0
github.com/rueian/pgcapture/cmd/pulsar2pg.go:40.18,42.5 1 0
github.com/rueian/pgcapture/cmd/pulsar2pg.go:43.4,43.28 1 0
github.com/rueian/pgcapture/cmd/pulsar2pg.go:45.3,46.41 2 0
github.com/rueian/pgcapture/cmd/root.go:24.13,26.2 1 1
github.com/rueian/pgcapture/cmd/root.go:30.60,31.13 1 0
github.com/rueian/pgcapture/cmd/root.go:31.13,32.32 1 0
github.com/rueian/pgcapture/cmd/root.go:32.32,34.5 1 0
github.com/rueian/pgcapture/cmd/root.go:39.13,40.42 1 0
github.com/rueian/pgcapture/cmd/root.go:40.42,43.3 2 0
github.com/rueian/pgcapture/cmd/root.go:47.66,52.16 4 0
github.com/rueian/pgcapture/cmd/root.go:52.16,54.3 1 0
github.com/rueian/pgcapture/cmd/root.go:56.2,57.16 2 0
github.com/rueian/pgcapture/cmd/root.go:57.16,59.3 1 0
github.com/rueian/pgcapture/cmd/root.go:61.2,61.12 1 0
github.com/rueian/pgcapture/cmd/root.go:61.12,64.31 2 0
github.com/rueian/pgcapture/cmd/root.go:64.31,66.4 1 0
github.com/rueian/pgcapture/cmd/root.go:69.2,72.16 4 0
github.com/rueian/pgcapture/cmd/root.go:72.16,74.3 1 0
github.com/rueian/pgcapture/cmd/root.go:75.2,76.16 2 0
github.com/rueian/pgcapture/cmd/root.go:76.16,78.3 1 0
github.com/rueian/pgcapture/cmd/root.go:79.2,80.35 2 0
github.com/rueian/pgcapture/cmd/root.go:80.35,82.3 1 0
github.com/rueian/pgcapture/cmd/root.go:83.2,83.36 1 0
github.com/rueian/pgcapture/cmd/root.go:83.36,85.3 1 0
github.com/rueian/pgcapture/cmd/root.go:86.2,86.12 1 0
github.com/rueian/pgcapture/cmd/root.go:89.97,91.16 2 0
github.com/rueian/pgcapture/cmd/root.go:91.16,93.3 1 0
github.com/rueian/pgcapture/cmd/root.go:95.2,98.12 3 0
github.com/rueian/pgcapture/cmd/root.go:98.12,107.3 8 0
github.com/rueian/pgcapture/cmd/root.go:109.2,109.26 1 0
github.com/rueian/pgcapture/cmd/root.go:112.36,117.2 4 0
github.com/rueian/pgcapture/cmd/root.go:119.41,123.76 2 0
github.com/rueian/pgcapture/cmd/root.go:123.76,124.66 1 0
github.com/rueian/pgcapture/cmd/root.go:124.66,126.5 1 0
github.com/rueian/pgcapture/cmd/root.go:126.10,128.5 1 0
github.com/rueian/pgcapture/cmd/root.go:132.2,133.12 2 0
github.com/rueian/pgcapture/cmd/root.go:133.12,134.49 1 0
github.com/rueian/pgcapture/cmd/root.go:134.49,136.4 1 0
github.com/rueian/pgcapture/cmd/version.go:10.13,12.2 1 1
github.com/rueian/pgcapture/cmd/version.go:17.60,20.3 2 0
github.com/rueian/pgcapture/pkg/cursor/main.go:18.50,20.2 1 0
github.com/rueian/pgcapture/pkg/cursor/main.go:22.50,24.2 1 0
github.com/rueian/pgcapture/pkg/cursor/main.go:26.38,28.2 1 30
github.com/rueian/pgcapture/pkg/cursor/main.go:30.49,32.21 2 21
github.com/rueian/pgcapture/pkg/cursor/main.go:32.21,34.3 1 0
github.com/rueian/pgcapture/pkg/cursor/main.go:35.2,36.16 2 21
github.com/rueian/pgcapture/pkg/cursor/main.go:36.16,38.3 1 0
github.com/rueian/pgcapture/pkg/cursor/main.go:39.2,40.16 2 21
github.com/rueian/pgcapture/pkg/cursor/main.go:40.16,42.3 1 0
github.com/rueian/pgcapture/pkg/cursor/main.go:43.2,45.12 3 21
github.com/rueian/pgcapture/pkg/cursor/main.go:48.66,49.45 1 20
github.com/rueian/pgcapture/pkg/cursor/main.go:49.45,51.3 1 0
github.com/rueian/pgcapture/pkg/cursor/main.go:52.2,53.8 2 20
github.com/rueian/pgcapture/pkg/cursor/main.go:58.60,64.16 2 3
github.com/rueian/pgcapture/pkg/cursor/main.go:64.16,66.3 1 0
github.com/rueian/pgcapture/pkg/cursor/main.go:67.2,68.12 2 3
github.com/rueian/pgcapture/pkg/cursor/pulsar.go:18.83,25.16 2 2
github.com/rueian/pgcapture/pkg/cursor/pulsar.go:25.16,27.3 1 0
github.com/rueian/pgcapture/pkg/cursor/pulsar.go:28.2,28.44 1 2
github.com/rueian/pgcapture/pkg/cursor/pulsar.go:31.61,37.6 3 2
github.com/rueian/pgcapture/pkg/cursor/pulsar.go:37.6,41.70 4 12
github.com/rueian/pgcapture/pkg/cursor/pulsar.go:41.70,44.4 2 2
github.com/rueian/pgcapture/pkg/cursor/pulsar.go:45.3,45.17 1 10
github.com/rueian/pgcapture/pkg/cursor/pulsar.go:45.17,47.4 1 0
github.com/rueian/pgcapture/pkg/cursor/pulsar.go:48.3,48.48 1 10
github.com/rueian/pgcapture/pkg/cursor/pulsar.go:48.48,50.4 1 0
github.com/rueian/pgcapture/pkg/cursor/pulsar.go:54.34,56.2 0 0
github.com/rueian/pgcapture/pkg/cursor/pulsar.go:58.72,60.2 1 0
github.com/rueian/pgcapture/pkg/cursor/pulsar.go:62.34,64.2 0 2
github.com/rueian/pgcapture/pkg/cursor/pulsar_sub.go:14.67,18.21 3 11
github.com/rueian/pgcapture/pkg/cursor/pulsar_sub.go:18.21,20.3 1 0
github.com/rueian/pgcapture/pkg/cursor/pulsar_sub.go:21.2,22.12 2 11
github.com/rueian/pgcapture/pkg/cursor/pulsar_sub.go:25.66,30.2 1 10
github.com/rueian/pgcapture/pkg/cursor/pulsar_sub.go:32.46,34.20 2 11
github.com/rueian/pgcapture/pkg/cursor/pulsar_sub.go:34.20,36.3 1 0
github.com/rueian/pgcapture/pkg/cursor/pulsar_sub.go:37.2,37.57 1 11
github.com/rueian/pgcapture/pkg/cursor/pulsar_sub.go:37.57,38.61 1 1
github.com/rueian/pgcapture/pkg/cursor/pulsar_sub.go:38.61,40.4 1 0
github.com/rueian/pgcapture/pkg/cursor/pulsar_sub.go:41.3,41.20 1 1
github.com/rueian/pgcapture/pkg/cursor/pulsar_sub.go:45.112,46.6 1 1
github.com/rueian/pgcapture/pkg/cursor/pulsar_sub.go:46.6,47.10 1 11
github.com/rueian/pgcapture/pkg/cursor/pulsar_sub.go:48.21,50.10 2 1
github.com/rueian/pgcapture/pkg/cursor/pulsar_sub.go:51.19,53.12 1 10
github.com/rueian/pgcapture/pkg/cursor/pulsar_sub.go:58.93,62.6 3 1
github.com/rueian/pgcapture/pkg/cursor/pulsar_sub.go:62.6,63.10 1 12
github.com/rueian/pgcapture/pkg/cursor/pulsar_sub.go:64.19,65.14 1 11
github.com/rueian/pgcapture/pkg/cursor/pulsar_sub.go:66.21,68.10 2 1
github.com/rueian/pgcapture/pkg/cursor/pulsar_sub.go:73.158,74.51 1 3
github.com/rueian/pgcapture/pkg/cursor/pulsar_sub.go:74.51,76.3 1 0
github.com/rueian/pgcapture/pkg/cursor/pulsar_sub.go:78.2,86.16 2 3
github.com/rueian/pgcapture/pkg/cursor/pulsar_sub.go:86.16,88.3 1 0
github.com/rueian/pgcapture/pkg/cursor/pulsar_sub.go:90.2,90.25 1 3
github.com/rueian/pgcapture/pkg/cursor/pulsar_sub.go:90.25,92.3 1 0
github.com/rueian/pgcapture/pkg/cursor/pulsar_sub.go:94.2,99.21 2 3
github.com/rueian/pgcapture/pkg/cursor/pulsar_sub.go:113.90,118.16 4 12
github.com/rueian/pgcapture/pkg/cursor/pulsar_sub.go:118.16,120.3 1 2
github.com/rueian/pgcapture/pkg/cursor/pulsar_sub.go:121.2,121.26 1 10
github.com/rueian/pgcapture/pkg/cursor/pulsar_sub.go:124.64,126.23 2 2
github.com/rueian/pgcapture/pkg/cursor/pulsar_sub.go:126.23,127.7 1 2
github.com/rueian/pgcapture/pkg/cursor/pulsar_sub.go:127.7,129.18 2 12
github.com/rueian/pgcapture/pkg/cursor/pulsar_sub.go:129.18,131.49 1 2
github.com/rueian/pgcapture/pkg/cursor/pulsar_sub.go:131.49,133.6 1 2
github.com/rueian/pgcapture/pkg/cursor/pulsar_sub.go:134.5,134.29 1 0
github.com/rueian/pgcapture/pkg/cursor/pulsar_sub.go:136.4,136.13 1 10
github.com/rueian/pgcapture/pkg/cursor/pulsar_sub.go:139.2,139.26 1 0
github.com/rueian/pgcapture/pkg/cursor/pulsar_sub.go:142.45,151.2 6 1
github.com/rueian/pgcapture/pkg/cursor/pulsar_sub.go:153.86,158.2 4 1
github.com/rueian/pgcapture/pkg/cursor/pulsar_sub.go:160.45,161.23 1 3
github.com/rueian/pgcapture/pkg/cursor/pulsar_sub.go:161.23,162.28 1 3
github.com/rueian/pgcapture/pkg/cursor/pulsar_sub.go:162.28,166.4 3 1
github.com/rueian/pgcapture/pkg/cursor/pulsar_sub.go:167.3,167.21 1 3
github.com/rueian/pgcapture/pkg/dblog/control.go:15.53,20.2 1 7
github.com/rueian/pgcapture/pkg/dblog/control.go:30.93,34.16 3 4
github.com/rueian/pgcapture/pkg/dblog/control.go:34.16,36.3 1 1
github.com/rueian/pgcapture/pkg/dblog/control.go:37.2,38.15 2 3
github.com/rueian/pgcapture/pkg/dblog/control.go:38.15,40.3 1 1
github.com/rueian/pgcapture/pkg/dblog/control.go:42.2,42.85 1 2
github.com/rueian/pgcapture/pkg/dblog/control.go:42.85,42.113 1 1
github.com/rueian/pgcapture/pkg/dblog/control.go:43.2,43.16 1 2
github.com/rueian/pgcapture/pkg/dblog/control.go:43.16,45.3 1 1
github.com/rueian/pgcapture/pkg/dblog/control.go:47.2,50.15 3 1
github.com/rueian/pgcapture/pkg/dblog/control.go:50.15,53.3 2 1
github.com/rueian/pgcapture/pkg/dblog/control.go:55.2,55.6 1 1
github.com/rueian/pgcapture/pkg/dblog/control.go:55.6,57.17 2 99
github.com/rueian/pgcapture/pkg/dblog/control.go:57.17,59.4 1 1
github.com/rueian/pgcapture/pkg/dblog/control.go:60.3,61.30 2 98
github.com/rueian/pgcapture/pkg/dblog/control.go:61.30,63.4 1 0
github.com/rueian/pgcapture/pkg/dblog/control.go:68.107,75.60 3 2
github.com/rueian/pgcapture/pkg/dblog/control.go:75.60,77.3 1 0
github.com/rueian/pgcapture/pkg/dblog/control.go:77.17,79.3 1 1
github.com/rueian/pgcapture/pkg/dblog/control.go:80.2,80.36 1 1
github.com/rueian/pgcapture/pkg/dblog/control.go:83.119,87.2 3 1
github.com/rueian/pgcapture/pkg/dblog/control.go:89.140,93.2 3 1
github.com/rueian/pgcapture/pkg/dblog/dumper.go:25.82,27.16 2 1
github.com/rueian/pgcapture/pkg/dblog/dumper.go:27.16,29.3 1 0
github.com/rueian/pgcapture/pkg/dblog/dumper.go:30.2,33.8 1 1
github.com/rueian/pgcapture/pkg/dblog/dumper.go:43.108,48.16 2 0
github.com/rueian/pgcapture/pkg/dblog/dumper.go:48.16,49.41 1 0
github.com/rueian/pgcapture/pkg/dblog/dumper.go:49.41,50.20 1 0
github.com/rueian/pgcapture/pkg/dblog/dumper.go:51.24,52.32 1 0
github.com/rueian/pgcapture/pkg/dblog/dumper.go:53.27,54.30 1 0
github.com/rueian/pgcapture/pkg/dblog/dumper.go:55.34,56.33 1 0
github.com/rueian/pgcapture/pkg/dblog/dumper.go:59.3,59.18 1 0
github.com/rueian/pgcapture/pkg/dblog/dumper.go:61.2,61.6 1 0
github.com/rueian/pgcapture/pkg/dblog/dumper.go:61.6,63.17 2 0
github.com/rueian/pgcapture/pkg/dblog/dumper.go:63.17,64.21 1 0
github.com/rueian/pgcapture/pkg/dblog/dumper.go:64.21,65.10 1 0
github.com/rueian/pgcapture/pkg/dblog/dumper.go:67.4,67.19 1 0
github.com/rueian/pgcapture/pkg/dblog/dumper.go:69.3,69.36 1 0
github.com/rueian/pgcapture/pkg/dblog/dumper.go:71.2,72.21 2 0
github.com/rueian/pgcapture/pkg/dblog/dumper.go:75.30,77.2 1 1
github.com/rueian/pgcapture/pkg/dblog/dumper.go:79.84,81.16 2 1
github.com/rueian/pgcapture/pkg/dblog/dumper.go:81.16,83.3 1 0
github.com/rueian/pgcapture/pkg/dblog/dumper.go:84.2,84.42 1 1
github.com/rueian/pgcapture/pkg/dblog/dumper.go:95.100,96.43 1 94
github.com/rueian/pgcapture/pkg/dblog/dumper.go:96.43,98.3 1 1
github.com/rueian/pgcapture/pkg/dblog/dumper.go:100.2,104.16 4 93
github.com/rueian/pgcapture/pkg/dblog/dumper.go:104.16,106.3 1 4
github.com/rueian/pgcapture/pkg/dblog/dumper.go:107.2,107.21 1 89
github.com/rueian/pgcapture/pkg/dblog/dumper.go:110.34,114.2 3 1
github.com/rueian/pgcapture/pkg/dblog/dumper.go:124.96,128.16 3 93
github.com/rueian/pgcapture/pkg/dblog/dumper.go:128.16,130.3 1 0
github.com/rueian/pgcapture/pkg/dblog/dumper.go:131.2,133.21 2 93
github.com/rueian/pgcapture/pkg/dblog/dumper.go:133.21,134.50 1 93
github.com/rueian/pgcapture/pkg/dblog/dumper.go:134.50,136.4 1 2
github.com/rueian/pgcapture/pkg/dblog/dumper.go:139.2,140.16 2 91
github.com/rueian/pgcapture/pkg/dblog/dumper.go:140.16,142.50 2 2
github.com/rueian/pgcapture/pkg/dblog/dumper.go:142.50,144.4 1 2
github.com/rueian/pgcapture/pkg/dblog/dumper.go:145.3,145.18 1 0
github.com/rueian/pgcapture/pkg/dblog/dumper.go:148.2,149.18 2 89
github.com/rueian/pgcapture/pkg/dblog/dumper.go:149.18,152.47 3 100000
github.com/rueian/pgcapture/pkg/dblog/dumper.go:152.47,153.40 1 100000
github.com/rueian/pgcapture/pkg/dblog/dumper.go:153.40,155.5 1 0
github.com/rueian/pgcapture/pkg/dblog/dumper.go:155.10,156.23 1 100000
github.com/rueian/pgcapture/pkg/dblog/dumper.go:156.23,158.6 1 0
github.com/rueian/pgcapture/pkg/dblog/dumper.go:158.11,160.6 1 100000
github.com/rueian/pgcapture/pkg/dblog/dumper.go:163.3,163.36 1 100000
github.com/rueian/pgcapture/pkg/dblog/dumper.go:165.2,165.21 1 89
github.com/rueian/pgcapture/pkg/dblog/dumper.go:168.74,172.35 4 93
github.com/rueian/pgcapture/pkg/dblog/dumper.go:172.35,174.3 1 1
github.com/rueian/pgcapture/pkg/dblog/dumper.go:175.2,175.16 1 92
github.com/rueian/pgcapture/pkg/dblog/dumper.go:175.16,177.41 2 92
github.com/rueian/pgcapture/pkg/dblog/dumper.go:177.41,179.4 1 1
github.com/rueian/pgcapture/pkg/dblog/dumper.go:181.2,181.12 1 91
github.com/rueian/pgcapture/pkg/dblog/gateway.go:27.96,31.33 3 0
github.com/rueian/pgcapture/pkg/dblog/gateway.go:31.33,34.32 3 0
github.com/rueian/pgcapture/pkg/dblog/gateway.go:34.32,37.4 2 0
github.com/rueian/pgcapture/pkg/dblog/gateway.go:40.2,40.25 1 0
github.com/rueian/pgcapture/pkg/dblog/gateway.go:44.71,46.16 2 10
github.com/rueian/pgcapture/pkg/dblog/gateway.go:46.16,48.3 1 1
github.com/rueian/pgcapture/pkg/dblog/gateway.go:50.2,51.17 2 9
github.com/rueian/pgcapture/pkg/dblog/gateway.go:51.17,53.3 1 1
github.com/rueian/pgcapture/pkg/dblog/gateway.go:55.2,56.16 2 8
github.com/rueian/pgcapture/pkg/dblog/gateway.go:56.16,58.3 1 0
github.com/rueian/pgcapture/pkg/dblog/gateway.go:61.2,62.16 2 8
github.com/rueian/pgcapture/pkg/dblog/gateway.go:62.16,64.3 1 1
github.com/rueian/pgcapture/pkg/dblog/gateway.go:66.2,67.16 2 7
github.com/rueian/pgcapture/pkg/dblog/gateway.go:67.16,69.3 1 1
github.com/rueian/pgcapture/pkg/dblog/gateway.go:70.2,72.53 2 6
github.com/rueian/pgcapture/pkg/dblog/gateway.go:75.122,77.12 2 5
github.com/rueian/pgcapture/pkg/dblog/gateway.go:77.12,78.7 1 5
github.com/rueian/pgcapture/pkg/dblog/gateway.go:78.7,80.18 2 13
github.com/rueian/pgcapture/pkg/dblog/gateway.go:80.18,84.5 3 2
github.com/rueian/pgcapture/pkg/dblog/gateway.go:85.4,85.43 1 8
github.com/rueian/pgcapture/pkg/dblog/gateway.go:85.43,86.32 1 8
github.com/rueian/pgcapture/pkg/dblog/gateway.go:86.32,87.33 1 2
github.com/rueian/pgcapture/pkg/dblog/gateway.go:87.33,93.7 1 1
github.com/rueian/pgcapture/pkg/dblog/gateway.go:93.12,99.7 1 1
github.com/rueian/pgcapture/pkg/dblog/gateway.go:100.11,104.39 1 6
github.com/rueian/pgcapture/pkg/dblog/gateway.go:104.39,106.7 1 1
github.com/rueian/pgcapture/pkg/dblog/gateway.go:106.12,106.40 1 5
github.com/rueian/pgcapture/pkg/dblog/gateway.go:106.40,108.7 1 3
github.com/rueian/pgcapture/pkg/dblog/gateway.go:113.2,113.13 1 5
github.com/rueian/pgcapture/pkg/dblog/gateway.go:116.163,118.53 2 6
github.com/rueian/pgcapture/pkg/dblog/gateway.go:118.53,120.3 1 0
github.com/rueian/pgcapture/pkg/dblog/gateway.go:121.2,124.16 3 6
github.com/rueian/pgcapture/pkg/dblog/gateway.go:124.16,126.3 1 1
github.com/rueian/pgcapture/pkg/dblog/gateway.go:128.2,129.20 2 5
github.com/rueian/pgcapture/pkg/dblog/gateway.go:129.20,131.13 2 5
github.com/rueian/pgcapture/pkg/dblog/gateway.go:131.13,132.22 1 5
github.com/rueian/pgcapture/pkg/dblog/gateway.go:132.23,134.5 0 0
github.com/rueian/pgcapture/pkg/dblog/gateway.go:136.3,137.40 2 5
github.com/rueian/pgcapture/pkg/dblog/gateway.go:139.2,139.12 1 5
github.com/rueian/pgcapture/pkg/dblog/gateway.go:139.12,142.3 2 5
github.com/rueian/pgcapture/pkg/dblog/gateway.go:143.2,143.15 1 5
github.com/rueian/pgcapture/pkg/dblog/gateway.go:143.15,145.3 1 5
github.com/rueian/pgcapture/pkg/dblog/gateway.go:146.2,155.6 6 5
github.com/rueian/pgcapture/pkg/dblog/gateway.go:155.6,156.10 1 13
github.com/rueian/pgcapture/pkg/dblog/gateway.go:157.34,158.33 1 0
github.com/rueian/pgcapture/pkg/dblog/gateway.go:159.31,160.13 1 5
github.com/rueian/pgcapture/pkg/dblog/gateway.go:160.13,162.5 1 1
github.com/rueian/pgcapture/pkg/dblog/gateway.go:164.4,164.111 1 4
github.com/rueian/pgcapture/pkg/dblog/gateway.go:164.111,169.37 1 2
github.com/rueian/pgcapture/pkg/dblog/gateway.go:169.37,171.6 1 1
github.com/rueian/pgcapture/pkg/dblog/gateway.go:172.10,178.5 1 2
github.com/rueian/pgcapture/pkg/dblog/gateway.go:179.4,179.28 1 3
github.com/rueian/pgcapture/pkg/dblog/gateway.go:180.30,181.13 1 7
github.com/rueian/pgcapture/pkg/dblog/gateway.go:181.13,183.5 1 1
github.com/rueian/pgcapture/pkg/dblog/gateway.go:184.4,185.60 2 6
github.com/rueian/pgcapture/pkg/dblog/gateway.go:185.60,187.19 2 6
github.com/rueian/pgcapture/pkg/dblog/gateway.go:187.19,189.42 2 2
github.com/rueian/pgcapture/pkg/dblog/gateway.go:189.42,191.15 2 1
github.com/rueian/pgcapture/pkg/dblog/gateway.go:195.4,195.22 1 5
github.com/rueian/pgcapture/pkg/dblog/gateway.go:195.22,197.13 2 2
github.com/rueian/pgcapture/pkg/dblog/gateway.go:200.4,205.32 4 3
github.com/rueian/pgcapture/pkg/dblog/gateway.go:205.32,206.25 1 7
github.com/rueian/pgcapture/pkg/dblog/gateway.go:206.25,208.6 1 3
github.com/rueian/pgcapture/pkg/dblog/gateway.go:209.5,213.37 1 7
github.com/rueian/pgcapture/pkg/dblog/gateway.go:213.37,217.6 3 1
github.com/rueian/pgcapture/pkg/dblog/gateway.go:219.22,220.14 1 1
github.com/rueian/pgcapture/pkg/dblog/gateway.go:226.71,227.61 1 8
github.com/rueian/pgcapture/pkg/dblog/gateway.go:227.61,229.3 1 8
github.com/rueian/pgcapture/pkg/dblog/gateway.go:230.2,230.73 1 0
github.com/rueian/pgcapture/pkg/dblog/gateway.go:230.73,232.3 1 0
github.com/rueian/pgcapture/pkg/dblog/gateway.go:233.2,233.17 1 0
github.com/rueian/pgcapture/pkg/dblog/gateway.go:245.47,251.2 5 3
github.com/rueian/pgcapture/pkg/dblog/gateway.go:253.49,255.29 2 4
github.com/rueian/pgcapture/pkg/dblog/gateway.go:255.29,258.3 2 2
github.com/rueian/pgcapture/pkg/dblog/gateway.go:259.2,259.15 1 4
github.com/rueian/pgcapture/pkg/dblog/gateway.go:262.47,269.2 6 9
github.com/rueian/pgcapture/pkg/dblog/puller.go:21.52,22.21 1 8
github.com/rueian/pgcapture/pkg/dblog/puller.go:22.21,24.3 1 1
github.com/rueian/pgcapture/pkg/dblog/puller.go:25.2,27.12 3 7
github.com/rueian/pgcapture/pkg/dblog/puller.go:34.82,37.12 2 6
github.com/rueian/pgcapture/pkg/dblog/puller.go:37.12,39.7 2 6
github.com/rueian/pgcapture/pkg/dblog/puller.go:39.7,41.110 2 9
github.com/rueian/pgcapture/pkg/dblog/puller.go:41.110,43.5 1 6
github.com/rueian/pgcapture/pkg/dblog/puller.go:47.2,47.13 1 6
github.com/rueian/pgcapture/pkg/dblog/puller.go:50.97,52.16 2 9
github.com/rueian/pgcapture/pkg/dblog/puller.go:52.16,54.3 1 2
github.com/rueian/pgcapture/pkg/dblog/puller.go:55.2,55.66 1 7
github.com/rueian/pgcapture/pkg/dblog/puller.go:55.66,57.3 1 2
github.com/rueian/pgcapture/pkg/dblog/puller.go:58.2,58.6 1 5
github.com/rueian/pgcapture/pkg/dblog/puller.go:58.6,60.17 2 8
github.com/rueian/pgcapture/pkg/dblog/puller.go:60.17,62.4 1 5
github.com/rueian/pgcapture/pkg/dblog/puller.go:63.3,66.4 1 3
github.com/rueian/pgcapture/pkg/dblog/resolver.go:24.108,26.2 1 2
github.com/rueian/pgcapture/pkg/dblog/resolver.go:32.107,34.9 2 2
github.com/rueian/pgcapture/pkg/dblog/resolver.go:34.9,36.3 1 1
github.com/rueian/pgcapture/pkg/dblog/resolver.go:37.2,42.8 1 1
github.com/rueian/pgcapture/pkg/dblog/resolver.go:45.99,47.9 2 2
github.com/rueian/pgcapture/pkg/dblog/resolver.go:47.9,49.3 1 1
github.com/rueian/pgcapture/pkg/dblog/resolver.go:50.2,50.51 1 1
github.com/rueian/pgcapture/pkg/dblog/scheduler.go:26.66,32.2 1 1
github.com/rueian/pgcapture/pkg/dblog/scheduler.go:48.102,52.33 3 6
github.com/rueian/pgcapture/pkg/dblog/scheduler.go:52.33,54.3 1 2
github.com/rueian/pgcapture/pkg/dblog/scheduler.go:55.2,58.12 3 4
github.com/rueian/pgcapture/pkg/dblog/scheduler.go:61.66,62.15 1 4
github.com/rueian/pgcapture/pkg/dblog/scheduler.go:62.15,67.3 4 4
github.com/rueian/pgcapture/pkg/dblog/scheduler.go:69.2,69.6 1 4
github.com/rueian/pgcapture/pkg/dblog/scheduler.go:69.6,78.30 7 114
github.com/rueian/pgcapture/pkg/dblog/scheduler.go:78.30,79.26 1 322
github.com/rueian/pgcapture/pkg/dblog/scheduler.go:79.26,81.5 1 4
github.com/rueian/pgcapture/pkg/dblog/scheduler.go:87.56,96.39 7 322
github.com/rueian/pgcapture/pkg/dblog/scheduler.go:96.39,97.33 1 322
github.com/rueian/pgcapture/pkg/dblog/scheduler.go:97.33,98.25 1 617
github.com/rueian/pgcapture/pkg/dblog/scheduler.go:98.25,100.5 1 328
github.com/rueian/pgcapture/pkg/dblog/scheduler.go:100.10,102.5 1 289
github.com/rueian/pgcapture/pkg/dblog/scheduler.go:105.2,108.39 3 322
github.com/rueian/pgcapture/pkg/dblog/scheduler.go:108.39,113.66 4 322
github.com/rueian/pgcapture/pkg/dblog/scheduler.go:113.66,115.4 1 209
github.com/rueian/pgcapture/pkg/dblog/scheduler.go:117.2,119.37 2 322
github.com/rueian/pgcapture/pkg/dblog/scheduler.go:119.37,123.50 4 204
github.com/rueian/pgcapture/pkg/dblog/scheduler.go:123.50,125.4 1 1
github.com/rueian/pgcapture/pkg/dblog/scheduler.go:128.2,128.14 1 322
github.com/rueian/pgcapture/pkg/dblog/scheduler.go:128.14,130.3 1 2
github.com/rueian/pgcapture/pkg/dblog/scheduler.go:132.2,132.33 1 320
github.com/rueian/pgcapture/pkg/dblog/scheduler.go:135.98,140.9 4 11
github.com/rueian/pgcapture/pkg/dblog/scheduler.go:140.9,143.3 2 2
github.com/rueian/pgcapture/pkg/dblog/scheduler.go:144.2,144.33 1 11
github.com/rueian/pgcapture/pkg/dblog/scheduler.go:144.33,146.3 1 4
github.com/rueian/pgcapture/pkg/dblog/scheduler.go:147.2,147.47 1 7
github.com/rueian/pgcapture/pkg/dblog/scheduler.go:147.47,152.3 4 6
github.com/rueian/pgcapture/pkg/dblog/scheduler.go:153.2,155.26 2 7
github.com/rueian/pgcapture/pkg/dblog/scheduler.go:158.74,162.39 3 209
github.com/rueian/pgcapture/pkg/dblog/scheduler.go:162.39,163.39 1 209
github.com/rueian/pgcapture/pkg/dblog/scheduler.go:163.39,167.4 3 209
github.com/rueian/pgcapture/pkg/dblog/scheduler.go:169.2,171.17 2 209
github.com/rueian/pgcapture/pkg/dblog/scheduler.go:171.17,173.40 2 204
github.com/rueian/pgcapture/pkg/dblog/scheduler.go:173.40,174.21 1 204
github.com/rueian/pgcapture/pkg/dblog/scheduler.go:174.21,177.5 2 1
github.com/rueian/pgcapture/pkg/dblog/scheduler.go:177.10,179.5 1 203
github.com/rueian/pgcapture/pkg/dblog/scheduler.go:181.3,181.23 1 204
github.com/rueian/pgcapture/pkg/dblog/scheduler.go:185.70,187.39 2 1
github.com/rueian/pgcapture/pkg/dblog/scheduler.go:187.39,189.3 1 1
github.com/rueian/pgcapture/pkg/dblog/scheduler.go:190.2,190.22 1 1
github.com/rueian/pgcapture/pkg/dblog/scheduler.go:193.52,195.39 2 1
github.com/rueian/pgcapture/pkg/dblog/scheduler.go:195.39,197.3 1 1
github.com/rueian/pgcapture/pkg/dblog/scheduler.go:198.2,198.22 1 1
github.com/rueian/pgcapture/pkg/dblog/scheduler.go:221.44,222.20 1 322
github.com/rueian/pgcapture/pkg/dblog/scheduler.go:222.20,224.3 1 319
github.com/rueian/pgcapture/pkg/dblog/scheduler.go:225.2,226.53 2 3
github.com/rueian/pgcapture/pkg/dblog/scheduler.go:226.53,228.3 1 0
github.com/rueian/pgcapture/pkg/dblog/scheduler.go:229.2,229.42 1 3
github.com/rueian/pgcapture/pkg/dblog/scheduler.go:232.35,234.2 1 322
github.com/rueian/pgcapture/pkg/dblog/scheduler.go:236.46,237.30 1 209
github.com/rueian/pgcapture/pkg/dblog/scheduler.go:237.30,239.3 1 5
github.com/rueian/pgcapture/pkg/dblog/scheduler.go:240.2,242.12 3 204
github.com/rueian/pgcapture/pkg/dblog/scheduler.go:245.51,246.19 1 1
github.com/rueian/pgcapture/pkg/dblog/scheduler.go:246.19,248.3 1 0
github.com/rueian/pgcapture/pkg/dblog/scheduler.go:249.2,250.26 2 1
github.com/rueian/pgcapture/pkg/decode/bytes.go:9.47,11.2 1 18
github.com/rueian/pgcapture/pkg/decode/bytes.go:18.35,21.2 2 27
github.com/rueian/pgcapture/pkg/decode/bytes.go:23.50,24.26 1 139
github.com/rueian/pgcapture/pkg/decode/bytes.go:24.26,26.3 1 2
github.com/rueian/pgcapture/pkg/decode/bytes.go:27.2,29.8 3 137
github.com/rueian/pgcapture/pkg/decode/bytes.go:32.54,34.23 2 68
github.com/rueian/pgcapture/pkg/decode/bytes.go:34.23,36.3 1 2
github.com/rueian/pgcapture/pkg/decode/bytes.go:37.2,39.8 3 66
github.com/rueian/pgcapture/pkg/decode/bytes.go:42.54,44.23 2 28
github.com/rueian/pgcapture/pkg/decode/bytes.go:44.23,46.3 1 2
github.com/rueian/pgcapture/pkg/decode/bytes.go:47.2,49.8 3 26
github.com/rueian/pgcapture/pkg/decode/bytes.go:52.50,55.2 2 52
github.com/rueian/pgcapture/pkg/decode/bytes.go:57.50,60.2 2 26
github.com/rueian/pgcapture/pkg/decode/bytes.go:62.49,65.2 2 6
github.com/rueian/pgcapture/pkg/decode/bytes.go:67.54,69.15 2 8
github.com/rueian/pgcapture/pkg/decode/bytes.go:69.15,71.3 1 0
github.com/rueian/pgcapture/pkg/decode/bytes.go:72.2,72.17 1 8
github.com/rueian/pgcapture/pkg/decode/bytes.go:75.60,77.23 2 20
github.com/rueian/pgcapture/pkg/decode/bytes.go:77.23,79.3 1 2
github.com/rueian/pgcapture/pkg/decode/bytes.go:80.2,82.8 3 18
github.com/rueian/pgcapture/pkg/decode/bytes.go:85.55,87.16 2 5
github.com/rueian/pgcapture/pkg/decode/bytes.go:87.16,89.3 1 1
github.com/rueian/pgcapture/pkg/decode/bytes.go:90.2,90.21 1 4
github.com/rueian/pgcapture/pkg/decode/bytes.go:93.56,95.16 2 9
github.com/rueian/pgcapture/pkg/decode/bytes.go:95.16,97.3 1 1
github.com/rueian/pgcapture/pkg/decode/bytes.go:98.2,98.21 1 8
github.com/rueian/pgcapture/pkg/decode/bytes.go:101.55,103.16 2 51
github.com/rueian/pgcapture/pkg/decode/bytes.go:103.16,105.3 1 1
github.com/rueian/pgcapture/pkg/decode/bytes.go:106.2,107.23 2 50
github.com/rueian/pgcapture/pkg/decode/bytes.go:107.23,109.3 1 1
github.com/rueian/pgcapture/pkg/decode/bytes.go:110.2,112.8 3 49
github.com/rueian/pgcapture/pkg/decode/bytes.go:115.57,117.16 2 8
github.com/rueian/pgcapture/pkg/decode/bytes.go:117.16,119.3 1 0
github.com/rueian/pgcapture/pkg/decode/bytes.go:121.2,121.27 1 8
github.com/rueian/pgcapture/pkg/decode/decoder.go:46.31,48.2 1 3
github.com/rueian/pgcapture/pkg/decode/decoder.go:50.32,52.2 1 3
github.com/rueian/pgcapture/pkg/decode/pglogical.go:15.68,17.16 2 1
github.com/rueian/pgcapture/pkg/decode/pglogical.go:17.16,19.3 1 0
github.com/rueian/pgcapture/pkg/decode/pglogical.go:21.2,33.8 1 1
github.com/rueian/pgcapture/pkg/decode/pglogical.go:43.73,44.15 1 20
github.com/rueian/pgcapture/pkg/decode/pglogical.go:45.11,46.25 1 6
github.com/rueian/pgcapture/pkg/decode/pglogical.go:47.11,48.26 1 6
github.com/rueian/pgcapture/pkg/decode/pglogical.go:49.11,52.25 3 1
github.com/rueian/pgcapture/pkg/decode/pglogical.go:53.21,55.48 2 6
github.com/rueian/pgcapture/pkg/decode/pglogical.go:55.48,57.4 1 0
github.com/rueian/pgcapture/pkg/decode/pglogical.go:59.3,60.10 2 6
github.com/rueian/pgcapture/pkg/decode/pglogical.go:60.10,62.4 1 0
github.com/rueian/pgcapture/pkg/decode/pglogical.go:64.3,68.41 4 6
github.com/rueian/pgcapture/pkg/decode/pglogical.go:68.41,70.4 1 6
github.com/rueian/pgcapture/pkg/decode/pglogical.go:71.10,71.10 0 1
github.com/rueian/pgcapture/pkg/decode/pglogical.go:74.2,74.17 1 2
github.com/rueian/pgcapture/pkg/decode/pglogical.go:77.53,79.2 1 1
github.com/rueian/pgcapture/pkg/decode/pglogical.go:81.101,82.16 1 12
github.com/rueian/pgcapture/pkg/decode/pglogical.go:82.16,84.3 1 5
github.com/rueian/pgcapture/pkg/decode/pglogical.go:85.2,86.24 2 7
github.com/rueian/pgcapture/pkg/decode/pglogical.go:86.24,87.31 1 42
github.com/rueian/pgcapture/pkg/decode/pglogical.go:87.31,88.12 1 15
github.com/rueian/pgcapture/pkg/decode/pglogical.go:90.3,91.17 2 27
github.com/rueian/pgcapture/pkg/decode/pglogical.go:91.17,93.12 1 0
github.com/rueian/pgcapture/pkg/decode/pglogical.go:95.3,95.19 1 27
github.com/rueian/pgcapture/pkg/decode/pglogical.go:96.12,97.111 1 24
github.com/rueian/pgcapture/pkg/decode/pglogical.go:98.12,99.81 1 1
github.com/rueian/pgcapture/pkg/decode/pglogical.go:100.12,101.115 1 0
github.com/rueian/pgcapture/pkg/decode/pglogical.go:102.12,103.12 1 2
github.com/rueian/pgcapture/pkg/decode/pglogical.go:106.2,106.15 1 7
github.com/rueian/pgcapture/pkg/decode/pglogical.go:109.70,110.26 1 6
github.com/rueian/pgcapture/pkg/decode/pglogical.go:110.26,112.3 1 0
github.com/rueian/pgcapture/pkg/decode/pglogical.go:113.2,117.10 1 6
github.com/rueian/pgcapture/pkg/decode/pglogical.go:120.71,121.26 1 6
github.com/rueian/pgcapture/pkg/decode/pglogical.go:121.26,123.3 1 0
github.com/rueian/pgcapture/pkg/decode/pglogical.go:124.2,128.10 1 6
github.com/rueian/pgcapture/pkg/decode/pglogical.go:131.77,139.53 6 1
github.com/rueian/pgcapture/pkg/decode/pglogical.go:139.53,141.3 1 0
github.com/rueian/pgcapture/pkg/decode/pglogical.go:143.2,145.25 3 1
github.com/rueian/pgcapture/pkg/decode/pglogical.go:145.25,146.54 1 6
github.com/rueian/pgcapture/pkg/decode/pglogical.go:146.54,148.4 1 0
github.com/rueian/pgcapture/pkg/decode/pglogical.go:149.3,150.54 2 6
github.com/rueian/pgcapture/pkg/decode/pglogical.go:150.54,152.4 1 0
github.com/rueian/pgcapture/pkg/decode/pglogical.go:153.3,153.39 1 6
github.com/rueian/pgcapture/pkg/decode/pglogical.go:155.2,155.12 1 1
github.com/rueian/pgcapture/pkg/decode/pglogical.go:158.79,165.17 6 6
github.com/rueian/pgcapture/pkg/decode/pglogical.go:165.17,167.18 2 3
github.com/rueian/pgcapture/pkg/decode/pglogical.go:167.18,169.4 1 1
github.com/rueian/pgcapture/pkg/decode/pglogical.go:171.2,171.17 1 6
github.com/rueian/pgcapture/pkg/decode/pglogical.go:171.17,173.3 1 4
github.com/rueian/pgcapture/pkg/decode/pglogical.go:174.2,174.12 1 6
github.com/rueian/pgcapture/pkg/decode/pglogical.go:177.87,178.53 1 7
github.com/rueian/pgcapture/pkg/decode/pglogical.go:178.53,180.3 1 0
github.com/rueian/pgcapture/pkg/decode/pglogical.go:182.2,182.42 1 7
github.com/rueian/pgcapture/pkg/decode/pglogical.go:182.42,184.3 1 7
github.com/rueian/pgcapture/pkg/decode/pglogical.go:186.2,186.24 1 7
github.com/rueian/pgcapture/pkg/decode/pglogical.go:186.24,187.56 1 42
github.com/rueian/pgcapture/pkg/decode/pglogical.go:187.56,189.4 1 0
github.com/rueian/pgcapture/pkg/decode/pglogical.go:190.3,190.27 1 42
github.com/rueian/pgcapture/pkg/decode/pglogical.go:191.12,192.43 1 24
github.com/rueian/pgcapture/pkg/decode/pglogical.go:193.17,194.12 1 18
github.com/rueian/pgcapture/pkg/decode/pglogical.go:195.12,197.66 2 0
github.com/rueian/pgcapture/pkg/decode/pglogical.go:198.11,199.82 1 0
github.com/rueian/pgcapture/pkg/decode/pglogical.go:202.2,202.8 1 7
github.com/rueian/pgcapture/pkg/decode/pgoutput.go:13.84,24.2 1 1
github.com/rueian/pgcapture/pkg/decode/pgoutput.go:33.72,34.15 1 19
github.com/rueian/pgcapture/pkg/decode/pgoutput.go:35.11,36.25 1 6
github.com/rueian/pgcapture/pkg/decode/pgoutput.go:37.11,38.26 1 6
github.com/rueian/pgcapture/pkg/decode/pgoutput.go:39.11,42.25 3 1
github.com/rueian/pgcapture/pkg/decode/pgoutput.go:43.21,45.48 2 6
github.com/rueian/pgcapture/pkg/decode/pgoutput.go:45.48,47.4 1 0
github.com/rueian/pgcapture/pkg/decode/pgoutput.go:49.3,50.10 2 6
github.com/rueian/pgcapture/pkg/decode/pgoutput.go:50.10,52.4 1 0
github.com/rueian/pgcapture/pkg/decode/pgoutput.go:54.3,58.41 4 6
github.com/rueian/pgcapture/pkg/decode/pgoutput.go:58.41,60.4 1 6
github.com/rueian/pgcapture/pkg/decode/pgoutput.go:61.10,61.10 0 0
github.com/rueian/pgcapture/pkg/decode/pgoutput.go:64.2,64.17 1 1
github.com/rueian/pgcapture/pkg/decode/pgoutput.go:67.52,69.2 1 1
github.com/rueian/pgcapture/pkg/decode/pgoutput.go:71.100,72.16 1 12
github.com/rueian/pgcapture/pkg/decode/pgoutput.go:72.16,74.3 1 5
github.com/rueian/pgcapture/pkg/decode/pgoutput.go:75.2,76.24 2 7
github.com/rueian/pgcapture/pkg/decode/pgoutput.go:76.24,77.31 1 42
github.com/rueian/pgcapture/pkg/decode/pgoutput.go:77.31,78.12 1 15
github.com/rueian/pgcapture/pkg/decode/pgoutput.go:80.3,81.17 2 27
github.com/rueian/pgcapture/pkg/decode/pgoutput.go:81.17,83.12 1 0
github.com/rueian/pgcapture/pkg/decode/pgoutput.go:85.3,85.19 1 27
github.com/rueian/pgcapture/pkg/decode/pgoutput.go:86.12,87.111 1 24
github.com/rueian/pgcapture/pkg/decode/pgoutput.go:88.12,89.81 1 1
github.com/rueian/pgcapture/pkg/decode/pgoutput.go:90.12,91.115 1 0
github.com/rueian/pgcapture/pkg/decode/pgoutput.go:92.12,93.12 1 2
github.com/rueian/pgcapture/pkg/decode/pgoutput.go:96.2,96.15 1 7
github.com/rueian/pgcapture/pkg/decode/pgoutput.go:99.69,100.26 1 6
github.com/rueian/pgcapture/pkg/decode/pgoutput.go:100.26,102.3 1 0
github.com/rueian/pgcapture/pkg/decode/pgoutput.go:103.2,107.10 1 6
github.com/rueian/pgcapture/pkg/decode/pgoutput.go:110.70,111.26 1 6
github.com/rueian/pgcapture/pkg/decode/pgoutput.go:111.26,113.3 1 0
github.com/rueian/pgcapture/pkg/decode/pgoutput.go:114.2,118.10 1 6
github.com/rueian/pgcapture/pkg/decode/pgoutput.go:121.76,130.161 6 1
github.com/rueian/pgcapture/pkg/decode/pgoutput.go:130.161,132.3 1 0
github.com/rueian/pgcapture/pkg/decode/pgoutput.go:134.2,136.25 3 1
github.com/rueian/pgcapture/pkg/decode/pgoutput.go:136.25,139.17 3 6
github.com/rueian/pgcapture/pkg/decode/pgoutput.go:139.17,141.4 1 0
github.com/rueian/pgcapture/pkg/decode/pgoutput.go:142.3,142.17 1 6
github.com/rueian/pgcapture/pkg/decode/pgoutput.go:144.2,144.12 1 1
github.com/rueian/pgcapture/pkg/decode/pgoutput.go:147.78,153.17 5 6
github.com/rueian/pgcapture/pkg/decode/pgoutput.go:153.17,155.18 2 3
github.com/rueian/pgcapture/pkg/decode/pgoutput.go:155.18,157.4 1 1
github.com/rueian/pgcapture/pkg/decode/pgoutput.go:159.2,159.17 1 6
github.com/rueian/pgcapture/pkg/decode/pgoutput.go:159.17,161.3 1 4
github.com/rueian/pgcapture/pkg/decode/pgoutput.go:162.2,162.12 1 6
github.com/rueian/pgcapture/pkg/decode/pgoutput.go:165.86,166.42 1 7
github.com/rueian/pgcapture/pkg/decode/pgoutput.go:166.42,168.3 1 7
github.com/rueian/pgcapture/pkg/decode/pgoutput.go:170.2,170.24 1 7
github.com/rueian/pgcapture/pkg/decode/pgoutput.go:170.24,171.56 1 42
github.com/rueian/pgcapture/pkg/decode/pgoutput.go:171.56,173.4 1 0
github.com/rueian/pgcapture/pkg/decode/pgoutput.go:174.3,174.27 1 42
github.com/rueian/pgcapture/pkg/decode/pgoutput.go:175.12,176.43 1 24
github.com/rueian/pgcapture/pkg/decode/pgoutput.go:177.17,178.12 1 18
github.com/rueian/pgcapture/pkg/decode/pgoutput.go:179.12,181.66 2 0
github.com/rueian/pgcapture/pkg/decode/pgoutput.go:182.11,183.82 1 0
github.com/rueian/pgcapture/pkg/decode/pgoutput.go:186.2,186.8 1 7
github.com/rueian/pgcapture/pkg/decode/schema.go:19.64,21.34 2 24
github.com/rueian/pgcapture/pkg/decode/schema.go:21.34,23.3 1 14
github.com/rueian/pgcapture/pkg/decode/schema.go:24.2,24.10 1 24
github.com/rueian/pgcapture/pkg/decode/schema.go:27.43,30.2 2 3
github.com/rueian/pgcapture/pkg/decode/schema.go:32.36,34.2 1 14
github.com/rueian/pgcapture/pkg/decode/schema.go:36.35,38.23 2 5
github.com/rueian/pgcapture/pkg/decode/schema.go:38.23,40.3 1 7
github.com/rueian/pgcapture/pkg/decode/schema.go:41.2,41.13 1 5
github.com/rueian/pgcapture/pkg/decode/schema.go:44.29,46.2 1 0
github.com/rueian/pgcapture/pkg/decode/schema.go:54.48,56.2 1 2
github.com/rueian/pgcapture/pkg/decode/schema.go:58.57,60.2 1 1
github.com/rueian/pgcapture/pkg/decode/schema.go:62.42,64.2 1 0
github.com/rueian/pgcapture/pkg/decode/schema.go:66.41,68.2 1 5
github.com/rueian/pgcapture/pkg/decode/schema.go:70.37,72.2 1 0
github.com/rueian/pgcapture/pkg/decode/schema.go:74.36,76.2 1 0
github.com/rueian/pgcapture/pkg/decode/schema.go:80.101,81.17 1 0
github.com/rueian/pgcapture/pkg/decode/schema.go:81.17,83.3 1 0
github.com/rueian/pgcapture/pkg/decode/schema.go:84.2,86.27 3 0
github.com/rueian/pgcapture/pkg/decode/schema.go:86.27,87.31 1 0
github.com/rueian/pgcapture/pkg/decode/schema.go:87.31,90.4 2 0
github.com/rueian/pgcapture/pkg/decode/schema.go:93.2,94.25 2 0
github.com/rueian/pgcapture/pkg/decode/schema.go:94.25,96.3 1 0
github.com/rueian/pgcapture/pkg/decode/schema.go:97.2,97.21 1 0
github.com/rueian/pgcapture/pkg/decode/schema.go:103.58,105.2 1 3
github.com/rueian/pgcapture/pkg/decode/schema.go:113.47,115.16 2 3
github.com/rueian/pgcapture/pkg/decode/schema.go:115.16,117.3 1 0
github.com/rueian/pgcapture/pkg/decode/schema.go:118.2,122.18 4 3
github.com/rueian/pgcapture/pkg/decode/schema.go:122.18,123.76 1 105
github.com/rueian/pgcapture/pkg/decode/schema.go:123.76,125.4 1 0
github.com/rueian/pgcapture/pkg/decode/schema.go:126.3,127.10 2 105
github.com/rueian/pgcapture/pkg/decode/schema.go:127.10,130.4 2 6
github.com/rueian/pgcapture/pkg/decode/schema.go:131.3,132.10 2 105
github.com/rueian/pgcapture/pkg/decode/schema.go:132.10,135.4 2 9
github.com/rueian/pgcapture/pkg/decode/schema.go:136.3,136.27 1 105
github.com/rueian/pgcapture/pkg/decode/schema.go:138.2,138.12 1 3
github.com/rueian/pgcapture/pkg/decode/schema.go:141.53,143.16 2 1
github.com/rueian/pgcapture/pkg/decode/schema.go:143.16,145.3 1 0
github.com/rueian/pgcapture/pkg/decode/schema.go:146.2,149.18 3 1
github.com/rueian/pgcapture/pkg/decode/schema.go:149.18,155.109 2 8
github.com/rueian/pgcapture/pkg/decode/schema.go:155.109,157.4 1 0
github.com/rueian/pgcapture/pkg/decode/schema.go:158.3,159.10 2 8
github.com/rueian/pgcapture/pkg/decode/schema.go:159.10,162.4 2 2
github.com/rueian/pgcapture/pkg/decode/schema.go:164.3,168.4 1 8
github.com/rueian/pgcapture/pkg/decode/schema.go:170.2,170.12 1 1
github.com/rueian/pgcapture/pkg/decode/schema.go:173.94,174.41 1 120
github.com/rueian/pgcapture/pkg/decode/schema.go:174.41,176.3 1 1
github.com/rueian/pgcapture/pkg/decode/schema.go:176.8,176.41 1 119
github.com/rueian/pgcapture/pkg/decode/schema.go:176.41,178.3 1 1
github.com/rueian/pgcapture/pkg/decode/schema.go:178.8,178.39 1 118
github.com/rueian/pgcapture/pkg/decode/schema.go:178.39,180.3 1 1
github.com/rueian/pgcapture/pkg/decode/schema.go:181.2,181.17 1 117
github.com/rueian/pgcapture/pkg/decode/schema.go:184.87,185.41 1 6
github.com/rueian/pgcapture/pkg/decode/schema.go:185.41,187.3 1 0
github.com/rueian/pgcapture/pkg/decode/schema.go:187.8,187.41 1 6
github.com/rueian/pgcapture/pkg/decode/schema.go:187.41,189.3 1 1
github.com/rueian/pgcapture/pkg/decode/schema.go:189.8,191.3 1 5
github.com/rueian/pgcapture/pkg/decode/schema.go:194.91,195.41 1 1
github.com/rueian/pgcapture/pkg/decode/schema.go:195.41,197.3 1 1
github.com/rueian/pgcapture/pkg/decode/schema.go:197.8,197.41 1 0
github.com/rueian/pgcapture/pkg/decode/schema.go:197.41,199.3 1 0
github.com/rueian/pgcapture/pkg/decode/schema.go:199.8,201.3 1 0
github.com/rueian/pgcapture/pkg/decode/schema.go:204.67,206.102 2 2
github.com/rueian/pgcapture/pkg/decode/schema.go:206.102,208.3 1 0
github.com/rueian/pgcapture/pkg/decode/schema.go:209.2,210.16 2 2
github.com/rueian/pgcapture/pkg/decode/schema.go:210.16,212.3 1 0
github.com/rueian/pgcapture/pkg/decode/schema.go:213.2,213.17 1 2
github.com/rueian/pgcapture/pkg/pgcapture/consumer.go:19.61,19.62 0 0
github.com/rueian/pgcapture/pkg/pgcapture/consumer.go:21.104,23.2 1 0
github.com/rueian/pgcapture/pkg/pgcapture/consumer.go:25.123,27.29 2 4
github.com/rueian/pgcapture/pkg/pgcapture/consumer.go:27.29,29.3 1 4
github.com/rueian/pgcapture/pkg/pgcapture/consumer.go:30.2,35.10 3 4
github.com/rueian/pgcapture/pkg/pgcapture/consumer.go:38.100,41.2 2 0
github.com/rueian/pgcapture/pkg/pgcapture/consumer.go:47.95,49.2 1 0
github.com/rueian/pgcapture/pkg/pgcapture/consumer.go:51.98,53.33 2 4
github.com/rueian/pgcapture/pkg/pgcapture/consumer.go:53.33,55.3 1 4
github.com/rueian/pgcapture/pkg/pgcapture/consumer.go:57.2,58.33 2 4
github.com/rueian/pgcapture/pkg/pgcapture/consumer.go:58.33,63.3 1 2
github.com/rueian/pgcapture/pkg/pgcapture/consumer.go:63.8,65.3 1 2
github.com/rueian/pgcapture/pkg/pgcapture/consumer.go:67.2,67.17 1 4
github.com/rueian/pgcapture/pkg/pgcapture/consumer.go:86.63,87.57 1 4
github.com/rueian/pgcapture/pkg/pgcapture/consumer.go:87.57,89.3 1 0
github.com/rueian/pgcapture/pkg/pgcapture/consumer.go:91.2,92.24 2 4
github.com/rueian/pgcapture/pkg/pgcapture/consumer.go:92.24,94.17 2 6
github.com/rueian/pgcapture/pkg/pgcapture/consumer.go:94.17,96.4 1 0
github.com/rueian/pgcapture/pkg/pgcapture/consumer.go:97.3,98.39 2 6
github.com/rueian/pgcapture/pkg/pgcapture/consumer.go:102.2,103.16 2 4
github.com/rueian/pgcapture/pkg/pgcapture/consumer.go:103.16,105.3 1 0
github.com/rueian/pgcapture/pkg/pgcapture/consumer.go:107.2,107.30 1 4
github.com/rueian/pgcapture/pkg/pgcapture/consumer.go:107.30,108.42 1 8
github.com/rueian/pgcapture/pkg/pgcapture/consumer.go:109.27,111.11 2 8
github.com/rueian/pgcapture/pkg/pgcapture/consumer.go:111.11,112.10 1 0
github.com/rueian/pgcapture/pkg/pgcapture/consumer.go:114.4,115.18 2 8
github.com/rueian/pgcapture/pkg/pgcapture/consumer.go:115.18,117.10 2 0
github.com/rueian/pgcapture/pkg/pgcapture/consumer.go:119.4,120.18 2 8
github.com/rueian/pgcapture/pkg/pgcapture/consumer.go:120.18,122.10 2 0
github.com/rueian/pgcapture/pkg/pgcapture/consumer.go:124.4,130.12 2 8
github.com/rueian/pgcapture/pkg/pgcapture/consumer.go:132.3,132.37 1 0
github.com/rueian/pgcapture/pkg/pgcapture/consumer.go:134.2,134.25 1 4
github.com/rueian/pgcapture/pkg/pgcapture/consumer.go:137.52,139.24 2 4
github.com/rueian/pgcapture/pkg/pgcapture/consumer.go:139.24,141.3 1 6
github.com/rueian/pgcapture/pkg/pgcapture/consumer.go:142.2,142.28 1 4
github.com/rueian/pgcapture/pkg/pgcapture/consumer.go:145.73,149.31 4 20
github.com/rueian/pgcapture/pkg/pgcapture/consumer.go:149.31,150.49 1 44
github.com/rueian/pgcapture/pkg/pgcapture/consumer.go:150.49,152.4 1 44
github.com/rueian/pgcapture/pkg/pgcapture/consumer.go:154.2,155.27 2 20
github.com/rueian/pgcapture/pkg/pgcapture/consumer.go:155.27,157.10 2 20
github.com/rueian/pgcapture/pkg/pgcapture/consumer.go:157.10,158.12 1 0
github.com/rueian/pgcapture/pkg/pgcapture/consumer.go:160.3,160.21 1 20
github.com/rueian/pgcapture/pkg/pgcapture/consumer.go:160.21,161.57 1 6
github.com/rueian/pgcapture/pkg/pgcapture/consumer.go:161.57,163.5 1 3
github.com/rueian/pgcapture/pkg/pgcapture/consumer.go:163.10,165.5 1 3
github.com/rueian/pgcapture/pkg/pgcapture/consumer.go:166.9,167.51 1 14
github.com/rueian/pgcapture/pkg/pgcapture/consumer.go:167.51,168.58 1 8
github.com/rueian/pgcapture/pkg/pgcapture/consumer.go:168.58,170.6 1 3
github.com/rueian/pgcapture/pkg/pgcapture/consumer.go:170.11,172.6 1 5
github.com/rueian/pgcapture/pkg/pgcapture/consumer.go:173.10,174.56 1 6
github.com/rueian/pgcapture/pkg/pgcapture/consumer.go:174.56,176.6 1 1
github.com/rueian/pgcapture/pkg/pgcapture/consumer.go:176.11,178.6 1 5
github.com/rueian/pgcapture/pkg/pgcapture/consumer.go:181.3,181.17 1 20
github.com/rueian/pgcapture/pkg/pgcapture/consumer.go:181.17,183.4 1 0
github.com/rueian/pgcapture/pkg/pgcapture/consumer.go:185.2,185.29 1 20
github.com/rueian/pgcapture/pkg/pgcapture/consumer.go:188.27,190.2 1 4
github.com/rueian/pgcapture/pkg/pgcapture/dblog.go:24.102,26.16 2 4
github.com/rueian/pgcapture/pkg/pgcapture/dblog.go:26.16,29.3 2 0
github.com/rueian/pgcapture/pkg/pgcapture/dblog.go:31.2,31.100 1 4
github.com/rueian/pgcapture/pkg/pgcapture/dblog.go:31.100,34.3 2 0
github.com/rueian/pgcapture/pkg/pgcapture/dblog.go:36.2,41.12 4 4
github.com/rueian/pgcapture/pkg/pgcapture/dblog.go:41.12,43.7 2 4
github.com/rueian/pgcapture/pkg/pgcapture/dblog.go:43.7,45.18 2 12
github.com/rueian/pgcapture/pkg/pgcapture/dblog.go:45.18,48.5 2 4
github.com/rueian/pgcapture/pkg/pgcapture/dblog.go:49.4,56.5 1 8
github.com/rueian/pgcapture/pkg/pgcapture/dblog.go:60.2,60.21 1 4
github.com/rueian/pgcapture/pkg/pgcapture/dblog.go:64.61,65.37 1 6
github.com/rueian/pgcapture/pkg/pgcapture/dblog.go:65.37,70.21 1 6
github.com/rueian/pgcapture/pkg/pgcapture/dblog.go:70.21,73.4 2 0
github.com/rueian/pgcapture/pkg/pgcapture/dblog.go:78.77,79.37 1 2
github.com/rueian/pgcapture/pkg/pgcapture/dblog.go:79.37,84.44 1 2
github.com/rueian/pgcapture/pkg/pgcapture/dblog.go:84.44,87.4 2 0
github.com/rueian/pgcapture/pkg/pgcapture/dblog.go:91.46,92.41 1 8
github.com/rueian/pgcapture/pkg/pgcapture/dblog.go:92.41,94.3 1 8
github.com/rueian/pgcapture/pkg/pgcapture/dblog.go:95.2,95.12 1 0
github.com/rueian/pgcapture/pkg/pgcapture/dblog.go:98.45,101.2 2 4
github.com/rueian/pgcapture/pkg/pgcapture/debounce.go:23.88,25.2 1 2
github.com/rueian/pgcapture/pkg/pgcapture/debounce.go:27.105,28.29 1 4
github.com/rueian/pgcapture/pkg/pgcapture/debounce.go:28.29,29.17 1 4
github.com/rueian/pgcapture/pkg/pgcapture/debounce.go:29.17,31.4 1 1
github.com/rueian/pgcapture/pkg/pgcapture/debounce.go:31.9,33.4 1 3
github.com/rueian/pgcapture/pkg/pgcapture/debounce.go:58.88,60.24 1 2
github.com/rueian/pgcapture/pkg/pgcapture/debounce.go:60.24,61.42 1 3
github.com/rueian/pgcapture/pkg/pgcapture/debounce.go:61.42,64.4 2 0
github.com/rueian/pgcapture/pkg/pgcapture/debounce.go:66.2,69.12 3 2
github.com/rueian/pgcapture/pkg/pgcapture/debounce.go:69.12,72.18 2 2
github.com/rueian/pgcapture/pkg/pgcapture/debounce.go:72.18,76.11 2 6
github.com/rueian/pgcapture/pkg/pgcapture/debounce.go:77.24,78.22 1 0
github.com/rueian/pgcapture/pkg/pgcapture/debounce.go:79.12,79.12 0 4
github.com/rueian/pgcapture/pkg/pgcapture/debounce.go:82.4,83.30 2 4
github.com/rueian/pgcapture/pkg/pgcapture/debounce.go:83.30,86.5 2 1
github.com/rueian/pgcapture/pkg/pgcapture/debounce.go:87.4,87.17 1 4
github.com/rueian/pgcapture/pkg/pgcapture/debounce.go:91.2,91.12 1 2
github.com/rueian/pgcapture/pkg/pgcapture/debounce.go:94.105,104.19 4 4
github.com/rueian/pgcapture/pkg/pgcapture/debounce.go:105.24,106.55 1 2
github.com/rueian/pgcapture/pkg/pgcapture/debounce.go:106.55,108.4 1 0
github.com/rueian/pgcapture/pkg/pgcapture/debounce.go:109.3,109.14 1 2
github.com/rueian/pgcapture/pkg/pgcapture/debounce.go:110.24,111.55 1 1
github.com/rueian/pgcapture/pkg/pgcapture/debounce.go:111.55,113.4 1 0
github.com/rueian/pgcapture/pkg/pgcapture/debounce.go:114.3,114.14 1 1
github.com/rueian/pgcapture/pkg/pgcapture/debounce.go:115.24,116.24 1 1
github.com/rueian/pgcapture/pkg/pgcapture/debounce.go:116.24,117.56 1 1
github.com/rueian/pgcapture/pkg/pgcapture/debounce.go:117.56,119.5 1 0
github.com/rueian/pgcapture/pkg/pgcapture/debounce.go:121.3,122.35 2 1
github.com/rueian/pgcapture/pkg/pgcapture/debounce.go:122.35,124.4 1 0
github.com/rueian/pgcapture/pkg/pgcapture/debounce.go:125.3,125.19 1 1
github.com/rueian/pgcapture/pkg/pgcapture/debounce.go:130.43,131.38 1 4
github.com/rueian/pgcapture/pkg/pgcapture/debounce.go:131.38,132.17 1 4
github.com/rueian/pgcapture/pkg/pgcapture/debounce.go:132.17,134.4 1 1
github.com/rueian/pgcapture/pkg/pgcapture/debounce.go:134.9,136.4 1 3
github.com/rueian/pgcapture/pkg/pgcapture/debounce.go:140.40,144.2 3 5
github.com/rueian/pgcapture/pkg/pgcapture/json.go:22.43,24.34 2 2
github.com/rueian/pgcapture/pkg/pgcapture/json.go:24.34,26.3 1 1
github.com/rueian/pgcapture/pkg/pgcapture/json.go:26.8,28.3 1 1
github.com/rueian/pgcapture/pkg/pgcapture/json.go:29.2,29.15 1 2
github.com/rueian/pgcapture/pkg/pgcapture/json.go:29.15,32.3 2 2
github.com/rueian/pgcapture/pkg/pgcapture/json.go:34.2,38.17 4 2
github.com/rueian/pgcapture/pkg/pgcapture/json.go:38.17,41.3 2 0
github.com/rueian/pgcapture/pkg/pgcapture/json.go:43.2,44.40 2 2
github.com/rueian/pgcapture/pkg/pgcapture/json.go:44.40,46.3 1 0
github.com/rueian/pgcapture/pkg/pgcapture/json.go:46.8,48.39 2 2
github.com/rueian/pgcapture/pkg/pgcapture/json.go:48.39,50.47 2 20
github.com/rueian/pgcapture/pkg/pgcapture/json.go:50.47,53.24 3 14
github.com/rueian/pgcapture/pkg/pgcapture/json.go:53.24,55.6 1 10
github.com/rueian/pgcapture/pkg/pgcapture/json.go:56.5,56.40 1 14
github.com/rueian/pgcapture/pkg/pgcapture/json.go:56.40,58.6 1 6
github.com/rueian/pgcapture/pkg/pgcapture/json.go:59.5,59.19 1 14
github.com/rueian/pgcapture/pkg/pgcapture/json.go:60.10,62.5 1 6
github.com/rueian/pgcapture/pkg/pgcapture/json.go:64.3,64.32 1 2
github.com/rueian/pgcapture/pkg/pgcapture/json.go:67.2,70.28 3 2
github.com/rueian/pgcapture/pkg/pgcapture/json.go:70.28,72.43 2 20
github.com/rueian/pgcapture/pkg/pgcapture/json.go:72.43,73.12 1 0
github.com/rueian/pgcapture/pkg/pgcapture/json.go:75.3,76.20 2 20
github.com/rueian/pgcapture/pkg/pgcapture/json.go:76.20,77.47 1 10
github.com/rueian/pgcapture/pkg/pgcapture/json.go:77.47,78.72 1 2
github.com/rueian/pgcapture/pkg/pgcapture/json.go:78.72,79.14 1 2
github.com/rueian/pgcapture/pkg/pgcapture/json.go:81.10,81.53 1 8
github.com/rueian/pgcapture/pkg/pgcapture/json.go:81.53,82.45 1 2
github.com/rueian/pgcapture/pkg/pgcapture/json.go:82.45,84.6 1 0
github.com/rueian/pgcapture/pkg/pgcapture/json.go:84.11,84.60 1 2
github.com/rueian/pgcapture/pkg/pgcapture/json.go:84.60,85.14 1 2
github.com/rueian/pgcapture/pkg/pgcapture/json.go:87.10,88.66 1 6
github.com/rueian/pgcapture/pkg/pgcapture/json.go:88.66,89.14 1 6
github.com/rueian/pgcapture/pkg/pgcapture/json.go:93.3,94.17 2 10
github.com/rueian/pgcapture/pkg/pgcapture/json.go:94.17,95.71 1 1
github.com/rueian/pgcapture/pkg/pgcapture/json.go:95.71,96.13 1 1
github.com/rueian/pgcapture/pkg/pgcapture/json.go:98.4,98.19 1 0
github.com/rueian/pgcapture/pkg/pgcapture/json.go:100.3,100.16 1 9
github.com/rueian/pgcapture/pkg/pgcapture/json.go:100.16,102.4 1 7
github.com/rueian/pgcapture/pkg/pgcapture/json.go:103.3,107.10 5 9
github.com/rueian/pgcapture/pkg/pgcapture/json.go:109.2,110.25 2 2
github.com/rueian/pgcapture/pkg/pgcapture/json.go:113.41,114.18 1 8
github.com/rueian/pgcapture/pkg/pgcapture/json.go:115.65,116.22 1 8
github.com/rueian/pgcapture/pkg/pgcapture/json.go:117.20,118.19 1 0
github.com/rueian/pgcapture/pkg/pgcapture/json.go:119.78,120.22 1 0
github.com/rueian/pgcapture/pkg/pgcapture/json.go:121.100,122.23 1 0
github.com/rueian/pgcapture/pkg/pgcapture/json.go:123.40,124.24 1 0
github.com/rueian/pgcapture/pkg/pgcapture/json.go:125.38,126.19 1 0
github.com/rueian/pgcapture/pkg/pgcapture/json.go:128.2,128.14 1 0
github.com/rueian/pgcapture/pkg/pgcapture/reflect.go:29.68,30.51 1 6
github.com/rueian/pgcapture/pkg/pgcapture/reflect.go:30.51,32.3 1 8
github.com/rueian/pgcapture/pkg/pgcapture/reflect.go:35.60,37.70 2 10
github.com/rueian/pgcapture/pkg/pgcapture/reflect.go:37.70,39.3 1 0
github.com/rueian/pgcapture/pkg/pgcapture/reflect.go:40.2,42.38 3 10
github.com/rueian/pgcapture/pkg/pgcapture/reflect.go:42.38,44.40 2 26
github.com/rueian/pgcapture/pkg/pgcapture/reflect.go:44.40,45.62 1 26
github.com/rueian/pgcapture/pkg/pgcapture/reflect.go:45.62,47.5 1 26
github.com/rueian/pgcapture/pkg/pgcapture/reflect.go:50.2,50.25 1 10
github.com/rueian/pgcapture/pkg/pgcapture/reflect.go:50.25,51.14 1 10
github.com/rueian/pgcapture/pkg/pgcapture/reflect.go:51.14,53.4 1 10
github.com/rueian/pgcapture/pkg/pgcapture/reflect.go:55.2,55.98 1 0
github.com/rueian/pgcapture/pkg/pgcapture/reflect.go:58.48,59.21 1 14
github.com/rueian/pgcapture/pkg/pgcapture/reflect.go:59.21,61.3 1 2
github.com/rueian/pgcapture/pkg/pgcapture/reflect.go:62.2,62.32 1 12
github.com/rueian/pgcapture/pkg/sink/main.go:34.62,35.23 1 1
github.com/rueian/pgcapture/pkg/sink/main.go:38.89,39.23 1 1
github.com/rueian/pgcapture/pkg/sink/main.go:42.106,43.49 1 9
github.com/rueian/pgcapture/pkg/sink/main.go:43.49,45.3 1 1
github.com/rueian/pgcapture/pkg/sink/main.go:46.2,49.12 3 8
github.com/rueian/pgcapture/pkg/sink/main.go:49.12,51.39 2 8
github.com/rueian/pgcapture/pkg/sink/main.go:51.39,52.11 1 1072
github.com/rueian/pgcapture/pkg/sink/main.go:53.35,54.14 1 1068
github.com/rueian/pgcapture/pkg/sink/main.go:54.14,55.18 1 3
github.com/rueian/pgcapture/pkg/sink/main.go:57.5,57.56 1 1065
github.com/rueian/pgcapture/pkg/sink/main.go:57.56,59.18 2 1
github.com/rueian/pgcapture/pkg/sink/main.go:61.20,61.20 0 3
github.com/rueian/pgcapture/pkg/sink/main.go:66.3,69.21 4 7
github.com/rueian/pgcapture/pkg/sink/main.go:69.22,71.4 0 1000
github.com/rueian/pgcapture/pkg/sink/main.go:74.2,74.20 1 8
github.com/rueian/pgcapture/pkg/sink/main.go:77.34,78.41 1 33
github.com/rueian/pgcapture/pkg/sink/main.go:78.41,80.3 1 2
github.com/rueian/pgcapture/pkg/sink/main.go:81.2,81.12 1 31
github.com/rueian/pgcapture/pkg/sink/main.go:84.33,85.36 1 19
github.com/rueian/pgcapture/pkg/sink/main.go:86.9,87.28 1 5
github.com/rueian/pgcapture/pkg/sink/main.go:88.12,89.51 1 5
github.com/rueian/pgcapture/pkg/sink/main.go:89.51,91.4 1 0
github.com/rueian/pgcapture/pkg/sink/main.go:92.3,92.14 1 5
github.com/rueian/pgcapture/pkg/sink/main.go:93.9,94.39 1 5
github.com/rueian/pgcapture/pkg/sink/main.go:94.39,96.4 1 14
github.com/rueian/pgcapture/pkg/sink/main.go:97.3,97.14 1 5
github.com/rueian/pgcapture/pkg/sink/main.go:98.9,99.25 1 14
github.com/rueian/pgcapture/pkg/sink/main.go:99.25,102.4 2 7
github.com/rueian/pgcapture/pkg/sink/main.go:104.2,104.18 1 19
github.com/rueian/pgcapture/pkg/sink/postgres.go:62.45,64.2 1 3
github.com/rueian/pgcapture/pkg/sink/postgres.go:66.42,71.2 4 3
github.com/rueian/pgcapture/pkg/sink/postgres.go:73.45,77.2 3 24
github.com/rueian/pgcapture/pkg/sink/postgres.go:79.57,82.2 2 8
github.com/rueian/pgcapture/pkg/sink/postgres.go:85.61,88.16 3 5
github.com/rueian/pgcapture/pkg/sink/postgres.go:88.16,90.3 1 0
github.com/rueian/pgcapture/pkg/sink/postgres.go:91.2,97.141 6 5
github.com/rueian/pgcapture/pkg/sink/postgres.go:97.141,99.3 1 0
github.com/rueian/pgcapture/pkg/sink/postgres.go:100.2,100.13 1 5
github.com/rueian/pgcapture/pkg/sink/postgres.go:100.13,102.3 1 1
github.com/rueian/pgcapture/pkg/sink/postgres.go:104.2,104.65 1 4
github.com/rueian/pgcapture/pkg/sink/postgres.go:104.65,106.3 1 0
github.com/rueian/pgcapture/pkg/sink/postgres.go:108.2,108.131 1 4
github.com/rueian/pgcapture/pkg/sink/postgres.go:108.131,110.3 1 0
github.com/rueian/pgcapture/pkg/sink/postgres.go:112.2,113.52 2 4
github.com/rueian/pgcapture/pkg/sink/postgres.go:113.52,115.3 1 0
github.com/rueian/pgcapture/pkg/sink/postgres.go:117.2,118.16 2 4
github.com/rueian/pgcapture/pkg/sink/postgres.go:118.16,120.3 1 0
github.com/rueian/pgcapture/pkg/sink/postgres.go:122.2,122.30 1 4
github.com/rueian/pgcapture/pkg/sink/postgres.go:122.30,124.3 1 4
github.com/rueian/pgcapture/pkg/sink/postgres.go:126.2,132.18 2 4
github.com/rueian/pgcapture/pkg/sink/postgres.go:132.18,134.84 2 4
github.com/rueian/pgcapture/pkg/sink/postgres.go:134.84,136.4 1 0
github.com/rueian/pgcapture/pkg/sink/postgres.go:137.3,138.49 2 4
github.com/rueian/pgcapture/pkg/sink/postgres.go:141.2,141.30 1 4
github.com/rueian/pgcapture/pkg/sink/postgres.go:144.89,149.35 5 4
github.com/rueian/pgcapture/pkg/sink/postgres.go:149.35,151.25 2 2
github.com/rueian/pgcapture/pkg/sink/postgres.go:151.25,154.4 2 1
github.com/rueian/pgcapture/pkg/sink/postgres.go:156.2,156.15 1 4
github.com/rueian/pgcapture/pkg/sink/postgres.go:156.15,161.3 4 3
github.com/rueian/pgcapture/pkg/sink/postgres.go:162.2,162.19 1 4
github.com/rueian/pgcapture/pkg/sink/postgres.go:162.19,168.3 2 2
github.com/rueian/pgcapture/pkg/sink/postgres.go:168.8,168.25 1 2
github.com/rueian/pgcapture/pkg/sink/postgres.go:168.25,170.80 2 1
github.com/rueian/pgcapture/pkg/sink/postgres.go:170.80,176.4 2 1
github.com/rueian/pgcapture/pkg/sink/postgres.go:178.2,178.16 1 4
github.com/rueian/pgcapture/pkg/sink/postgres.go:178.16,180.3 1 0
github.com/rueian/pgcapture/pkg/sink/postgres.go:182.2,182.17 1 4
github.com/rueian/pgcapture/pkg/sink/postgres.go:182.17,184.3 1 3
github.com/rueian/pgcapture/pkg/sink/postgres.go:185.2,185.16 1 4
github.com/rueian/pgcapture/pkg/sink/postgres.go:189.76,191.108 2 1
github.com/rueian/pgcapture/pkg/sink/postgres.go:191.108,192.13 1 44
github.com/rueian/pgcapture/pkg/sink/postgres.go:192.13,199.4 2 1
github.com/rueian/pgcapture/pkg/sink/postgres.go:200.3,200.44 1 44
github.com/rueian/pgcapture/pkg/sink/postgres.go:201.26,202.14 1 15
github.com/rueian/pgcapture/pkg/sink/postgres.go:202.14,207.39 2 1
github.com/rueian/pgcapture/pkg/sink/postgres.go:207.39,208.11 1 0
github.com/rueian/pgcapture/pkg/sink/postgres.go:211.4,212.17 2 15
github.com/rueian/pgcapture/pkg/sink/postgres.go:213.27,214.15 1 15
github.com/rueian/pgcapture/pkg/sink/postgres.go:214.15,219.10 2 0
github.com/rueian/pgcapture/pkg/sink/postgres.go:221.4,221.32 1 15
github.com/rueian/pgcapture/pkg/sink/postgres.go:221.32,223.5 1 4
github.com/rueian/pgcapture/pkg/sink/postgres.go:223.10,224.94 1 11
github.com/rueian/pgcapture/pkg/sink/postgres.go:224.94,231.6 2 1
github.com/rueian/pgcapture/pkg/sink/postgres.go:232.5,232.37 1 10
github.com/rueian/pgcapture/pkg/sink/postgres.go:234.27,235.15 1 14
github.com/rueian/pgcapture/pkg/sink/postgres.go:235.15,240.5 1 0
github.com/rueian/pgcapture/pkg/sink/postgres.go:240.10,241.72 1 14
github.com/rueian/pgcapture/pkg/sink/postgres.go:241.72,242.11 1 0
github.com/rueian/pgcapture/pkg/sink/postgres.go:245.4,248.17 4 14
github.com/rueian/pgcapture/pkg/sink/postgres.go:250.3,250.17 1 43
github.com/rueian/pgcapture/pkg/sink/postgres.go:250.17,256.4 1 0
github.com/rueian/pgcapture/pkg/sink/postgres.go:257.3,257.13 1 43
github.com/rueian/pgcapture/pkg/sink/postgres.go:261.56,264.2 2 15
github.com/rueian/pgcapture/pkg/sink/postgres.go:266.42,269.2 2 1
github.com/rueian/pgcapture/pkg/sink/postgres.go:271.58,273.14 2 10
github.com/rueian/pgcapture/pkg/sink/postgres.go:274.24,275.32 1 3
github.com/rueian/pgcapture/pkg/sink/postgres.go:276.24,277.32 1 6
github.com/rueian/pgcapture/pkg/sink/postgres.go:278.24,279.32 1 1
github.com/rueian/pgcapture/pkg/sink/postgres.go:281.2,281.12 1 0
github.com/rueian/pgcapture/pkg/sink/postgres.go:284.55,286.16 2 4
github.com/rueian/pgcapture/pkg/sink/postgres.go:286.16,288.3 1 0
github.com/rueian/pgcapture/pkg/sink/postgres.go:289.2,289.16 1 4
github.com/rueian/pgcapture/pkg/sink/postgres.go:289.16,291.3 1 0
github.com/rueian/pgcapture/pkg/sink/postgres.go:293.2,294.27 2 4
github.com/rueian/pgcapture/pkg/sink/postgres.go:294.27,297.3 2 4
github.com/rueian/pgcapture/pkg/sink/postgres.go:298.2,300.12 2 4
github.com/rueian/pgcapture/pkg/sink/postgres.go:303.114,304.31 1 4
github.com/rueian/pgcapture/pkg/sink/postgres.go:304.31,305.21 1 4
github.com/rueian/pgcapture/pkg/sink/postgres.go:306.16,308.14 2 4
github.com/rueian/pgcapture/pkg/sink/postgres.go:313.2,314.16 2 4
github.com/rueian/pgcapture/pkg/sink/postgres.go:314.16,316.3 1 0
github.com/rueian/pgcapture/pkg/sink/postgres.go:318.2,322.34 3 4
github.com/rueian/pgcapture/pkg/sink/postgres.go:322.34,324.60 2 4
github.com/rueian/pgcapture/pkg/sink/postgres.go:324.60,325.12 1 0
github.com/rueian/pgcapture/pkg/sink/postgres.go:327.3,327.30 1 4
github.com/rueian/pgcapture/pkg/sink/postgres.go:331.2,332.29 2 4
github.com/rueian/pgcapture/pkg/sink/postgres.go:332.29,334.40 2 4
github.com/rueian/pgcapture/pkg/sink/postgres.go:335.34,336.39 1 0
github.com/rueian/pgcapture/pkg/sink/postgres.go:337.34,338.39 1 0
github.com/rueian/pgcapture/pkg/sink/postgres.go:339.34,340.39 1 0
github.com/rueian/pgcapture/pkg/sink/postgres.go:341.41,342.46 1 0
github.com/rueian/pgcapture/pkg/sink/postgres.go:343.34,344.41 1 1
github.com/rueian/pgcapture/pkg/sink/postgres.go:344.41,346.5 1 1
github.com/rueian/pgcapture/pkg/sink/postgres.go:348.3,348.22 1 4
github.com/rueian/pgcapture/pkg/sink/postgres.go:348.22,349.12 1 3
github.com/rueian/pgcapture/pkg/sink/postgres.go:351.3,351.32 1 1
github.com/rueian/pgcapture/pkg/sink/postgres.go:351.32,353.4 1 1
github.com/rueian/pgcapture/pkg/sink/postgres.go:353.9,355.4 1 0
github.com/rueian/pgcapture/pkg/sink/postgres.go:358.2,359.29 2 4
github.com/rueian/pgcapture/pkg/sink/postgres.go:359.29,360.24 1 4
github.com/rueian/pgcapture/pkg/sink/postgres.go:360.24,362.4 1 4
github.com/rueian/pgcapture/pkg/sink/postgres.go:362.9,364.4 1 0
github.com/rueian/pgcapture/pkg/sink/postgres.go:365.3,365.22 1 4
github.com/rueian/pgcapture/pkg/sink/postgres.go:368.2,368.48 1 4
github.com/rueian/pgcapture/pkg/sink/postgres.go:371.65,373.16 2 4
github.com/rueian/pgcapture/pkg/sink/postgres.go:373.16,376.54 1 4
github.com/rueian/pgcapture/pkg/sink/postgres.go:376.54,378.4 1 0
github.com/rueian/pgcapture/pkg/sink/postgres.go:380.2,380.62 1 4
github.com/rueian/pgcapture/pkg/sink/postgres.go:380.62,381.53 1 4
github.com/rueian/pgcapture/pkg/sink/postgres.go:381.53,383.4 1 0
github.com/rueian/pgcapture/pkg/sink/postgres.go:385.2,385.16 1 4
github.com/rueian/pgcapture/pkg/sink/postgres.go:385.16,387.3 1 4
github.com/rueian/pgcapture/pkg/sink/postgres.go:388.2,388.8 1 4
github.com/rueian/pgcapture/pkg/sink/postgres.go:391.64,393.21 2 24
github.com/rueian/pgcapture/pkg/sink/postgres.go:393.21,395.3 1 21
github.com/rueian/pgcapture/pkg/sink/postgres.go:397.2,398.87 2 3
github.com/rueian/pgcapture/pkg/sink/postgres.go:398.87,400.3 1 10
github.com/rueian/pgcapture/pkg/sink/postgres.go:402.2,404.30 3 3
github.com/rueian/pgcapture/pkg/sink/postgres.go:404.30,406.3 1 9
github.com/rueian/pgcapture/pkg/sink/postgres.go:407.2,411.34 5 3
github.com/rueian/pgcapture/pkg/sink/postgres.go:411.34,412.38 1 3
github.com/rueian/pgcapture/pkg/sink/postgres.go:412.38,414.34 2 10
github.com/rueian/pgcapture/pkg/sink/postgres.go:414.34,416.13 1 1
github.com/rueian/pgcapture/pkg/sink/postgres.go:418.4,418.26 1 9
github.com/rueian/pgcapture/pkg/sink/postgres.go:418.26,422.5 3 0
github.com/rueian/pgcapture/pkg/sink/postgres.go:422.10,422.62 1 9
github.com/rueian/pgcapture/pkg/sink/postgres.go:422.62,426.5 3 9
github.com/rueian/pgcapture/pkg/sink/postgres.go:426.10,430.5 3 0
github.com/rueian/pgcapture/pkg/sink/postgres.go:431.4,431.7 1 9
github.com/rueian/pgcapture/pkg/sink/postgres.go:434.2,447.87 6 3
github.com/rueian/pgcapture/pkg/sink/postgres.go:450.79,451.22 1 3
github.com/rueian/pgcapture/pkg/sink/postgres.go:451.22,452.43 1 3
github.com/rueian/pgcapture/pkg/sink/postgres.go:452.43,454.4 1 0
github.com/rueian/pgcapture/pkg/sink/postgres.go:456.2,457.12 2 3
github.com/rueian/pgcapture/pkg/sink/postgres.go:460.79,461.42 1 1
github.com/rueian/pgcapture/pkg/sink/postgres.go:461.42,463.3 1 0
github.com/rueian/pgcapture/pkg/sink/postgres.go:465.2,469.30 5 1
github.com/rueian/pgcapture/pkg/sink/postgres.go:469.30,471.25 2 2
github.com/rueian/pgcapture/pkg/sink/postgres.go:471.25,475.4 3 0
github.com/rueian/pgcapture/pkg/sink/postgres.go:475.9,475.61 1 2
github.com/rueian/pgcapture/pkg/sink/postgres.go:475.61,479.4 3 2
github.com/rueian/pgcapture/pkg/sink/postgres.go:479.9,483.4 3 0
github.com/rueian/pgcapture/pkg/sink/postgres.go:485.2,485.108 1 1
github.com/rueian/pgcapture/pkg/sink/postgres.go:488.79,489.42 1 6
github.com/rueian/pgcapture/pkg/sink/postgres.go:489.42,491.3 1 0
github.com/rueian/pgcapture/pkg/sink/postgres.go:493.2,494.16 2 6
github.com/rueian/pgcapture/pkg/sink/postgres.go:494.16,496.3 1 0
github.com/rueian/pgcapture/pkg/sink/postgres.go:498.2,502.18 2 6
github.com/rueian/pgcapture/pkg/sink/postgres.go:502.18,504.77 2 3
github.com/rueian/pgcapture/pkg/sink/postgres.go:504.77,506.4 1 10
github.com/rueian/pgcapture/pkg/sink/postgres.go:507.8,511.27 4 3
github.com/rueian/pgcapture/pkg/sink/postgres.go:511.27,513.25 2 10
github.com/rueian/pgcapture/pkg/sink/postgres.go:513.25,515.5 1 4
github.com/rueian/pgcapture/pkg/sink/postgres.go:515.10,515.76 1 6
github.com/rueian/pgcapture/pkg/sink/postgres.go:515.76,517.5 1 5
github.com/rueian/pgcapture/pkg/sink/postgres.go:521.2,521.38 1 6
github.com/rueian/pgcapture/pkg/sink/postgres.go:521.38,523.3 1 0
github.com/rueian/pgcapture/pkg/sink/postgres.go:525.2,531.27 6 6
github.com/rueian/pgcapture/pkg/sink/postgres.go:531.27,533.25 2 12
github.com/rueian/pgcapture/pkg/sink/postgres.go:533.25,537.4 3 0
github.com/rueian/pgcapture/pkg/sink/postgres.go:537.9,537.61 1 12
github.com/rueian/pgcapture/pkg/sink/postgres.go:537.61,541.4 3 12
github.com/rueian/pgcapture/pkg/sink/postgres.go:541.9,545.4 3 0
github.com/rueian/pgcapture/pkg/sink/postgres.go:548.2,548.33 1 6
github.com/rueian/pgcapture/pkg/sink/postgres.go:548.33,551.25 3 13
github.com/rueian/pgcapture/pkg/sink/postgres.go:551.25,555.4 3 0
github.com/rueian/pgcapture/pkg/sink/postgres.go:555.9,555.61 1 13
github.com/rueian/pgcapture/pkg/sink/postgres.go:555.61,559.4 3 13
github.com/rueian/pgcapture/pkg/sink/postgres.go:559.9,563.4 3 0
github.com/rueian/pgcapture/pkg/sink/postgres.go:566.2,566.113 1 6
github.com/rueian/pgcapture/pkg/sink/postgres.go:573.85,575.42 2 14
github.com/rueian/pgcapture/pkg/sink/postgres.go:575.42,577.3 1 0
github.com/rueian/pgcapture/pkg/sink/postgres.go:578.2,578.80 1 14
github.com/rueian/pgcapture/pkg/sink/postgres.go:578.80,580.3 1 0
github.com/rueian/pgcapture/pkg/sink/postgres.go:581.2,582.128 2 14
github.com/rueian/pgcapture/pkg/sink/postgres.go:582.128,584.3 1 0
github.com/rueian/pgcapture/pkg/sink/postgres.go:585.2,585.53 1 14
github.com/rueian/pgcapture/pkg/sink/postgres.go:585.53,587.3 1 0
github.com/rueian/pgcapture/pkg/sink/postgres.go:588.2,589.8 2 14
github.com/rueian/pgcapture/pkg/sink/postgres.go:592.54,594.2 1 15
github.com/rueian/pgcapture/pkg/sink/postgres.go:596.69,598.6 2 1
github.com/rueian/pgcapture/pkg/sink/postgres.go:598.6,600.51 2 10006
github.com/rueian/pgcapture/pkg/sink/postgres.go:600.51,601.9 1 1
github.com/rueian/pgcapture/pkg/sink/postgres.go:603.3,604.67 2 10005
github.com/rueian/pgcapture/pkg/sink/postgres.go:604.67,606.4 1 2
github.com/rueian/pgcapture/pkg/sink/postgres.go:606.9,606.76 1 10003
github.com/rueian/pgcapture/pkg/sink/postgres.go:606.76,608.4 1 1
github.com/rueian/pgcapture/pkg/sink/postgres.go:610.2,610.27 1 1
github.com/rueian/pgcapture/pkg/sink/postgres.go:610.27,612.3 1 0
github.com/rueian/pgcapture/pkg/sink/postgres.go:613.2,613.21 1 1
github.com/rueian/pgcapture/pkg/sink/postgres.go:621.35,623.2 1 5
github.com/rueian/pgcapture/pkg/sink/postgres.go:625.36,627.2 1 14
github.com/rueian/pgcapture/pkg/sink/postgres.go:629.34,631.2 1 14
github.com/rueian/pgcapture/pkg/sink/postgres.go:633.41,635.2 1 14
github.com/rueian/pgcapture/pkg/sink/postgres.go:637.39,640.2 2 14
github.com/rueian/pgcapture/pkg/sink/postgres.go:642.29,646.2 3 3
github.com/rueian/pgcapture/pkg/sink/pulsar.go:18.86,20.2 1 0
github.com/rueian/pgcapture/pkg/sink/pulsar.go:41.64,43.16 2 4
github.com/rueian/pgcapture/pkg/sink/pulsar.go:43.16,45.3 1 0
github.com/rueian/pgcapture/pkg/sink/pulsar.go:47.2,48.16 2 4
github.com/rueian/pgcapture/pkg/sink/pulsar.go:48.16,50.3 1 0
github.com/rueian/pgcapture/pkg/sink/pulsar.go:52.2,52.27 1 4
github.com/rueian/pgcapture/pkg/sink/pulsar.go:52.27,54.3 1 0
github.com/rueian/pgcapture/pkg/sink/pulsar.go:56.2,57.16 2 4
github.com/rueian/pgcapture/pkg/sink/pulsar.go:57.16,59.3 1 0
github.com/rueian/pgcapture/pkg/sink/pulsar.go:62.2,71.16 2 4
github.com/rueian/pgcapture/pkg/sink/pulsar.go:71.16,73.3 1 1
github.com/rueian/pgcapture/pkg/sink/pulsar.go:75.2,76.16 2 3
github.com/rueian/pgcapture/pkg/sink/pulsar.go:76.16,78.3 1 0
github.com/rueian/pgcapture/pkg/sink/pulsar.go:79.2,90.30 4 3
github.com/rueian/pgcapture/pkg/sink/pulsar.go:90.30,95.3 4 3
github.com/rueian/pgcapture/pkg/sink/pulsar.go:97.2,97.16 1 3
github.com/rueian/pgcapture/pkg/sink/pulsar.go:101.79,105.102 3 2
github.com/rueian/pgcapture/pkg/sink/pulsar.go:105.102,106.13 1 20
github.com/rueian/pgcapture/pkg/sink/pulsar.go:106.13,116.4 2 2
github.com/rueian/pgcapture/pkg/sink/pulsar.go:118.3,119.20 2 20
github.com/rueian/pgcapture/pkg/sink/pulsar.go:119.20,129.4 2 9
github.com/rueian/pgcapture/pkg/sink/pulsar.go:131.3,132.17 2 11
github.com/rueian/pgcapture/pkg/sink/pulsar.go:132.17,134.4 1 0
github.com/rueian/pgcapture/pkg/sink/pulsar.go:137.3,141.76 1 11
github.com/rueian/pgcapture/pkg/sink/pulsar.go:141.76,143.17 2 11
github.com/rueian/pgcapture/pkg/sink/pulsar.go:143.17,145.5 1 11
github.com/rueian/pgcapture/pkg/sink/pulsar.go:147.4,147.18 1 11
github.com/rueian/pgcapture/pkg/sink/pulsar.go:147.18,156.5 4 0
github.com/rueian/pgcapture/pkg/sink/pulsar.go:158.4,159.51 2 11
github.com/rueian/pgcapture/pkg/sink/pulsar.go:159.51,165.5 1 0
github.com/rueian/pgcapture/pkg/sink/pulsar.go:166.4,166.19 1 11
github.com/rueian/pgcapture/pkg/sink/pulsar.go:168.3,168.13 1 11
github.com/rueian/pgcapture/pkg/source/main.go:42.85,43.23 1 1
github.com/rueian/pgcapture/pkg/source/main.go:46.51,47.23 1 1
github.com/rueian/pgcapture/pkg/source/main.go:50.35,51.36 1 18
github.com/rueian/pgcapture/pkg/source/main.go:52.12,53.51 1 16
github.com/rueian/pgcapture/pkg/source/main.go:53.51,55.4 1 0
github.com/rueian/pgcapture/pkg/source/main.go:56.3,56.14 1 16
github.com/rueian/pgcapture/pkg/source/main.go:57.9,58.14 1 16
github.com/rueian/pgcapture/pkg/source/main.go:60.2,60.18 1 18
github.com/rueian/pgcapture/pkg/source/main.go:63.36,64.41 1 22
github.com/rueian/pgcapture/pkg/source/main.go:64.41,66.3 1 1
github.com/rueian/pgcapture/pkg/source/main.go:67.2,67.12 1 21
github.com/rueian/pgcapture/pkg/source/main.go:70.83,71.49 1 18
github.com/rueian/pgcapture/pkg/source/main.go:71.49,73.3 1 1
github.com/rueian/pgcapture/pkg/source/main.go:75.2,81.18 5 17
github.com/rueian/pgcapture/pkg/source/main.go:81.18,83.3 1 8
github.com/rueian/pgcapture/pkg/source/main.go:85.2,85.12 1 17
github.com/rueian/pgcapture/pkg/source/main.go:85.12,89.7 4 17
github.com/rueian/pgcapture/pkg/source/main.go:89.7,93.39 4 113709
github.com/rueian/pgcapture/pkg/source/main.go:93.39,95.5 1 16
github.com/rueian/pgcapture/pkg/source/main.go:96.4,96.22 1 113693
github.com/rueian/pgcapture/pkg/source/main.go:96.22,97.13 1 2
github.com/rueian/pgcapture/pkg/source/main.go:99.4,99.18 1 113691
github.com/rueian/pgcapture/pkg/source/main.go:99.18,102.5 2 1
github.com/rueian/pgcapture/pkg/source/main.go:103.4,103.29 1 113690
github.com/rueian/pgcapture/pkg/source/main.go:103.29,105.5 1 113628
github.com/rueian/pgcapture/pkg/source/main.go:108.2,108.21 1 17
github.com/rueian/pgcapture/pkg/source/main.go:115.32,116.46 1 113693
github.com/rueian/pgcapture/pkg/source/main.go:116.46,118.3 1 2
github.com/rueian/pgcapture/pkg/source/main.go:120.2,121.52 2 113691
github.com/rueian/pgcapture/pkg/source/postgres.go:44.40,46.2 1 2
github.com/rueian/pgcapture/pkg/source/postgres.go:48.84,49.15 1 10
github.com/rueian/pgcapture/pkg/source/postgres.go:49.15,50.17 1 10
github.com/rueian/pgcapture/pkg/source/postgres.go:50.17,52.4 1 2
github.com/rueian/pgcapture/pkg/source/postgres.go:55.2,57.16 3 10
github.com/rueian/pgcapture/pkg/source/postgres.go:57.16,59.3 1 0
github.com/rueian/pgcapture/pkg/source/postgres.go:61.2,61.70 1 10
github.com/rueian/pgcapture/pkg/source/postgres.go:61.70,63.3 1 0
github.com/rueian/pgcapture/pkg/source/postgres.go:65.2,66.46 2 10
github.com/rueian/pgcapture/pkg/source/postgres.go:66.46,68.3 1 0
github.com/rueian/pgcapture/pkg/source/postgres.go:70.2,70.24 1 10
github.com/rueian/pgcapture/pkg/source/postgres.go:71.36,73.17 2 5
github.com/rueian/pgcapture/pkg/source/postgres.go:73.17,75.4 1 0
github.com/rueian/pgcapture/pkg/source/postgres.go:76.29,78.26 2 5
github.com/rueian/pgcapture/pkg/source/postgres.go:78.26,79.98 1 2
github.com/rueian/pgcapture/pkg/source/postgres.go:79.98,81.53 2 0
github.com/rueian/pgcapture/pkg/source/postgres.go:81.53,83.6 1 0
github.com/rueian/pgcapture/pkg/source/postgres.go:86.10,87.50 1 0
github.com/rueian/pgcapture/pkg/source/postgres.go:90.2,90.18 1 10
github.com/rueian/pgcapture/pkg/source/postgres.go:90.18,91.100 1 4
github.com/rueian/pgcapture/pkg/source/postgres.go:91.100,93.52 2 0
github.com/rueian/pgcapture/pkg/source/postgres.go:93.52,95.5 1 0
github.com/rueian/pgcapture/pkg/source/postgres.go:100.2,101.16 2 10
github.com/rueian/pgcapture/pkg/source/postgres.go:101.16,103.3 1 0
github.com/rueian/pgcapture/pkg/source/postgres.go:105.2,106.16 2 10
github.com/rueian/pgcapture/pkg/source/postgres.go:106.16,108.3 1 0
github.com/rueian/pgcapture/pkg/source/postgres.go:110.2,119.17 3 10
github.com/rueian/pgcapture/pkg/source/postgres.go:119.17,126.3 3 4
github.com/rueian/pgcapture/pkg/source/postgres.go:126.8,127.23 1 6
github.com/rueian/pgcapture/pkg/source/postgres.go:127.23,129.18 2 0
github.com/rueian/pgcapture/pkg/source/postgres.go:129.18,131.5 1 0
github.com/rueian/pgcapture/pkg/source/postgres.go:132.4,132.35 1 0
github.com/rueian/pgcapture/pkg/source/postgres.go:133.9,135.4 1 6
github.com/rueian/pgcapture/pkg/source/postgres.go:136.3,140.64 2 6
github.com/rueian/pgcapture/pkg/source/postgres.go:143.2,150.16 2 10
github.com/rueian/pgcapture/pkg/source/postgres.go:150.16,152.3 1 2
github.com/rueian/pgcapture/pkg/source/postgres.go:154.2,154.52 1 8
github.com/rueian/pgcapture/pkg/source/postgres.go:157.78,160.40 1 150
github.com/rueian/pgcapture/pkg/source/postgres.go:160.40,161.41 1 8
github.com/rueian/pgcapture/pkg/source/postgres.go:161.41,163.4 1 0
github.com/rueian/pgcapture/pkg/source/postgres.go:164.3,164.53 1 8
github.com/rueian/pgcapture/pkg/source/postgres.go:168.2,169.16 2 150
github.com/rueian/pgcapture/pkg/source/postgres.go:169.16,171.3 1 7
github.com/rueian/pgcapture/pkg/source/postgres.go:174.2,174.27 1 143
github.com/rueian/pgcapture/pkg/source/postgres.go:175.26,176.22 1 143
github.com/rueian/pgcapture/pkg/source/postgres.go:177.48,179.105 2 35
github.com/rueian/pgcapture/pkg/source/postgres.go:179.105,181.5 1 0
github.com/rueian/pgcapture/pkg/source/postgres.go:182.33,184.18 2 108
github.com/rueian/pgcapture/pkg/source/postgres.go:184.18,186.5 1 0
github.com/rueian/pgcapture/pkg/source/postgres.go:188.4,191.30 4 108
github.com/rueian/pgcapture/pkg/source/postgres.go:191.30,193.5 1 24
github.com/rueian/pgcapture/pkg/source/postgres.go:194.4,194.40 1 84
github.com/rueian/pgcapture/pkg/source/postgres.go:194.40,195.27 1 28
github.com/rueian/pgcapture/pkg/source/postgres.go:195.27,197.6 1 0
github.com/rueian/pgcapture/pkg/source/postgres.go:197.11,197.33 1 28
github.com/rueian/pgcapture/pkg/source/postgres.go:197.33,198.50 1 16
github.com/rueian/pgcapture/pkg/source/postgres.go:198.50,200.7 1 0
github.com/rueian/pgcapture/pkg/source/postgres.go:202.5,202.19 1 28
github.com/rueian/pgcapture/pkg/source/postgres.go:203.10,203.42 1 56
github.com/rueian/pgcapture/pkg/source/postgres.go:203.42,206.5 2 28
github.com/rueian/pgcapture/pkg/source/postgres.go:206.10,206.43 1 28
github.com/rueian/pgcapture/pkg/source/postgres.go:206.43,209.5 2 28
github.com/rueian/pgcapture/pkg/source/postgres.go:210.4,214.16 2 84
github.com/rueian/pgcapture/pkg/source/postgres.go:214.16,220.5 2 8
github.com/rueian/pgcapture/pkg/source/postgres.go:222.10,223.41 1 0
github.com/rueian/pgcapture/pkg/source/postgres.go:225.2,225.20 1 119
github.com/rueian/pgcapture/pkg/source/postgres.go:228.50,229.17 1 12
github.com/rueian/pgcapture/pkg/source/postgres.go:229.17,232.3 2 12
github.com/rueian/pgcapture/pkg/source/postgres.go:235.67,236.2 0 0
github.com/rueian/pgcapture/pkg/source/postgres.go:238.56,240.2 1 18
github.com/rueian/pgcapture/pkg/source/postgres.go:243.58,244.51 1 18
github.com/rueian/pgcapture/pkg/source/postgres.go:244.51,246.3 1 18
github.com/rueian/pgcapture/pkg/source/postgres.go:247.2,247.12 1 0
github.com/rueian/pgcapture/pkg/source/postgres.go:250.31,252.24 2 10
github.com/rueian/pgcapture/pkg/source/postgres.go:252.24,254.3 1 10
github.com/rueian/pgcapture/pkg/source/postgres.go:255.2,255.23 1 10
github.com/rueian/pgcapture/pkg/source/postgres.go:255.23,258.3 2 10
github.com/rueian/pgcapture/pkg/source/pulsar.go:31.93,32.23 1 2
github.com/rueian/pgcapture/pkg/source/pulsar.go:32.23,34.3 1 0
github.com/rueian/pgcapture/pkg/source/pulsar.go:36.2,39.16 3 2
github.com/rueian/pgcapture/pkg/source/pulsar.go:39.16,41.3 1 0
github.com/rueian/pgcapture/pkg/source/pulsar.go:43.2,44.16 2 2
github.com/rueian/pgcapture/pkg/source/pulsar.go:44.16,46.3 1 0
github.com/rueian/pgcapture/pkg/source/pulsar.go:48.2,50.65 3 2
github.com/rueian/pgcapture/pkg/source/pulsar.go:50.65,52.3 1 0
github.com/rueian/pgcapture/pkg/source/pulsar.go:52.8,53.75 1 2
github.com/rueian/pgcapture/pkg/source/pulsar.go:53.75,55.4 1 1
github.com/rueian/pgcapture/pkg/source/pulsar.go:58.2,65.16 2 2
github.com/rueian/pgcapture/pkg/source/pulsar.go:65.16,67.3 1 0
github.com/rueian/pgcapture/pkg/source/pulsar.go:69.2,69.22 1 2
github.com/rueian/pgcapture/pkg/source/pulsar.go:69.22,70.52 1 1
github.com/rueian/pgcapture/pkg/source/pulsar.go:70.52,72.4 1 0
github.com/rueian/pgcapture/pkg/source/pulsar.go:73.3,76.65 1 1
github.com/rueian/pgcapture/pkg/source/pulsar.go:77.8,82.3 1 1
github.com/rueian/pgcapture/pkg/source/pulsar.go:84.2,86.83 2 2
github.com/rueian/pgcapture/pkg/source/pulsar.go:86.83,90.17 3 11
github.com/rueian/pgcapture/pkg/source/pulsar.go:90.17,92.4 1 3
github.com/rueian/pgcapture/pkg/source/pulsar.go:94.3,95.17 2 8
github.com/rueian/pgcapture/pkg/source/pulsar.go:95.17,97.4 1 0
github.com/rueian/pgcapture/pkg/source/pulsar.go:99.3,100.58 2 8
github.com/rueian/pgcapture/pkg/source/pulsar.go:100.58,102.4 1 0
github.com/rueian/pgcapture/pkg/source/pulsar.go:104.3,104.13 1 8
github.com/rueian/pgcapture/pkg/source/pulsar.go:104.13,112.4 2 2
github.com/rueian/pgcapture/pkg/source/pulsar.go:114.3,114.35 1 8
github.com/rueian/pgcapture/pkg/source/pulsar.go:114.35,122.32 2 2
github.com/rueian/pgcapture/pkg/source/pulsar.go:122.32,124.5 1 1
github.com/rueian/pgcapture/pkg/source/pulsar.go:125.4,125.23 1 1
github.com/rueian/pgcapture/pkg/source/pulsar.go:128.3,128.35 1 7
github.com/rueian/pgcapture/pkg/source/pulsar.go:128.35,137.21 3 2
github.com/rueian/pgcapture/pkg/source/pulsar.go:137.21,139.5 1 1
github.com/rueian/pgcapture/pkg/source/pulsar.go:142.3,143.9 2 6
github.com/rueian/pgcapture/pkg/source/pulsar.go:144.12,147.3 2 2
github.com/rueian/pgcapture/pkg/source/pulsar.go:150.59,152.2 1 0
github.com/rueian/pgcapture/pkg/source/pulsar.go:168.95,170.16 2 3
github.com/rueian/pgcapture/pkg/source/pulsar.go:170.16,172.3 1 0
github.com/rueian/pgcapture/pkg/source/pulsar.go:174.2,175.16 2 3
github.com/rueian/pgcapture/pkg/source/pulsar.go:175.16,177.3 1 0
github.com/rueian/pgcapture/pkg/source/pulsar.go:179.2,188.16 2 3
github.com/rueian/pgcapture/pkg/source/pulsar.go:188.16,190.3 1 0
github.com/rueian/pgcapture/pkg/source/pulsar.go:192.2,200.83 3 3
github.com/rueian/pgcapture/pkg/source/pulsar.go:200.83,204.17 3 12
github.com/rueian/pgcapture/pkg/source/pulsar.go:204.17,206.4 1 3
github.com/rueian/pgcapture/pkg/source/pulsar.go:207.3,208.17 2 9
github.com/rueian/pgcapture/pkg/source/pulsar.go:208.17,210.4 1 0
github.com/rueian/pgcapture/pkg/source/pulsar.go:212.3,213.58 2 9
github.com/rueian/pgcapture/pkg/source/pulsar.go:213.58,215.4 1 0
github.com/rueian/pgcapture/pkg/source/pulsar.go:217.3,217.13 1 9
github.com/rueian/pgcapture/pkg/source/pulsar.go:217.13,223.4 2 3
github.com/rueian/pgcapture/pkg/source/pulsar.go:225.3,225.27 1 9
github.com/rueian/pgcapture/pkg/source/pulsar.go:225.27,228.4 2 2
github.com/rueian/pgcapture/pkg/source/pulsar.go:230.3,231.9 2 7
github.com/rueian/pgcapture/pkg/source/pulsar.go:232.12,237.3 4 3
github.com/rueian/pgcapture/pkg/source/pulsar.go:240.61,241.66 1 2
github.com/rueian/pgcapture/pkg/source/pulsar.go:241.66,243.3 1 2
github.com/rueian/pgcapture/pkg/source/pulsar.go:246.77,247.66 1 1
github.com/rueian/pgcapture/pkg/source/pulsar.go:247.66,249.3 1 1
github.com/rueian/pgcapture/pkg/sql/builder.go:10.70,18.31 7 1
github.com/rueian/pgcapture/pkg/sql/builder.go:18.31,21.25 3 3
github.com/rueian/pgcapture/pkg/sql/builder.go:21.25,23.4 1 2
github.com/rueian/pgcapture/pkg/sql/builder.go:25.2,25.23 1 1
github.com/rueian/pgcapture/pkg/sql/builder.go:28.74,37.27 8 1
github.com/rueian/pgcapture/pkg/sql/builder.go:37.27,41.23 4 2
github.com/rueian/pgcapture/pkg/sql/builder.go:41.23,43.4 1 1
github.com/rueian/pgcapture/pkg/sql/builder.go:46.2,48.33 2 1
github.com/rueian/pgcapture/pkg/sql/builder.go:48.33,54.23 5 2
github.com/rueian/pgcapture/pkg/sql/builder.go:54.23,56.4 1 1
github.com/rueian/pgcapture/pkg/sql/builder.go:59.2,59.23 1 1
github.com/rueian/pgcapture/pkg/sql/builder.go:71.43,80.31 8 3
github.com/rueian/pgcapture/pkg/sql/builder.go:80.31,82.25 2 6
github.com/rueian/pgcapture/pkg/sql/builder.go:82.25,84.4 1 3
github.com/rueian/pgcapture/pkg/sql/builder.go:84.9,86.4 1 3
github.com/rueian/pgcapture/pkg/sql/builder.go:89.2,89.29 1 3
github.com/rueian/pgcapture/pkg/sql/builder.go:89.29,95.3 1 1
github.com/rueian/pgcapture/pkg/sql/builder.go:96.2,99.33 3 3
github.com/rueian/pgcapture/pkg/sql/builder.go:99.33,100.20 1 12
github.com/rueian/pgcapture/pkg/sql/builder.go:100.20,102.26 2 24
github.com/rueian/pgcapture/pkg/sql/builder.go:102.26,104.5 1 12
github.com/rueian/pgcapture/pkg/sql/builder.go:104.10,106.5 1 12
github.com/rueian/pgcapture/pkg/sql/builder.go:107.4,107.7 1 24
github.com/rueian/pgcapture/pkg/sql/builder.go:109.3,109.22 1 12
github.com/rueian/pgcapture/pkg/sql/builder.go:109.22,111.4 1 9
github.com/rueian/pgcapture/pkg/sql/builder.go:114.2,115.20 2 3
github.com/rueian/pgcapture/pkg/sql/builder.go:115.20,119.3 3 1
github.com/rueian/pgcapture/pkg/sql/builder.go:121.2,121.23 1 3
